2025-03-14T09:25:38.687+09:00  INFO 11196 --- [ch06] [Test worker] kr.co.ch06.dao.User1MapperTest           : Starting User1MapperTest using Java 17.0.12 with PID 11196 (started by lotte6 in C:\Users\lotte6\Desktop\Workspace\Spring\ch06)
2025-03-14T09:25:38.695+09:00  INFO 11196 --- [ch06] [Test worker] kr.co.ch06.dao.User1MapperTest           : No active profile set, falling back to 1 default profile: "default"
2025-03-14T09:25:39.872+09:00  INFO 11196 --- [ch06] [Test worker] o.s.b.a.w.s.WelcomePageHandlerMapping    : Adding welcome page template: index
2025-03-14T09:25:40.209+09:00  INFO 11196 --- [ch06] [Test worker] kr.co.ch06.dao.User1MapperTest           : Started User1MapperTest in 1.81 seconds (process running for 2.924)
2025-03-14T09:25:40.974+09:00  INFO 11196 --- [ch06] [Test worker] com.zaxxer.hikari.HikariDataSource       : HikariPool-1 - Starting...
2025-03-14T09:25:41.308+09:00  INFO 11196 --- [ch06] [Test worker] com.zaxxer.hikari.pool.HikariPool        : HikariPool-1 - Added connection com.mysql.cj.jdbc.ConnectionImpl@54d35ed5
2025-03-14T09:25:41.311+09:00  INFO 11196 --- [ch06] [Test worker] com.zaxxer.hikari.HikariDataSource       : HikariPool-1 - Start completed.
2025-03-14T09:25:41.395+09:00  INFO 11196 --- [ch06] [SpringApplicationShutdownHook] com.zaxxer.hikari.HikariDataSource       : HikariPool-1 - Shutdown initiated...
2025-03-14T09:25:41.400+09:00  INFO 11196 --- [ch06] [SpringApplicationShutdownHook] com.zaxxer.hikari.HikariDataSource       : HikariPool-1 - Shutdown completed.
2025-03-14T09:26:36.084+09:00  INFO 10320 --- [ch06] [Test worker] kr.co.ch06.dao.User1MapperTest           : Starting User1MapperTest using Java 17.0.12 with PID 10320 (started by lotte6 in C:\Users\lotte6\Desktop\Workspace\Spring\ch06)
2025-03-14T09:26:36.086+09:00  INFO 10320 --- [ch06] [Test worker] kr.co.ch06.dao.User1MapperTest           : No active profile set, falling back to 1 default profile: "default"
2025-03-14T09:26:37.235+09:00  INFO 10320 --- [ch06] [Test worker] o.s.b.a.w.s.WelcomePageHandlerMapping    : Adding welcome page template: index
2025-03-14T09:26:37.562+09:00  INFO 10320 --- [ch06] [Test worker] kr.co.ch06.dao.User1MapperTest           : Started User1MapperTest in 1.749 seconds (process running for 2.816)
2025-03-14T09:26:38.284+09:00  INFO 10320 --- [ch06] [Test worker] com.zaxxer.hikari.HikariDataSource       : HikariPool-1 - Starting...
2025-03-14T09:26:38.560+09:00  INFO 10320 --- [ch06] [Test worker] com.zaxxer.hikari.pool.HikariPool        : HikariPool-1 - Added connection com.mysql.cj.jdbc.ConnectionImpl@4fef5792
2025-03-14T09:26:38.562+09:00  INFO 10320 --- [ch06] [Test worker] com.zaxxer.hikari.HikariDataSource       : HikariPool-1 - Start completed.
2025-03-14T09:26:38.625+09:00  INFO 10320 --- [ch06] [SpringApplicationShutdownHook] com.zaxxer.hikari.HikariDataSource       : HikariPool-1 - Shutdown initiated...
2025-03-14T09:26:38.630+09:00  INFO 10320 --- [ch06] [SpringApplicationShutdownHook] com.zaxxer.hikari.HikariDataSource       : HikariPool-1 - Shutdown completed.
2025-03-14T09:29:34.411+09:00  INFO 12224 --- [ch06] [Test worker] kr.co.ch06.dao.User1MapperTest           : Starting User1MapperTest using Java 17.0.12 with PID 12224 (started by lotte6 in C:\Users\lotte6\Desktop\Workspace\Spring\ch06)
2025-03-14T09:29:34.413+09:00  INFO 12224 --- [ch06] [Test worker] kr.co.ch06.dao.User1MapperTest           : No active profile set, falling back to 1 default profile: "default"
2025-03-14T09:29:35.636+09:00  INFO 12224 --- [ch06] [Test worker] o.s.b.a.w.s.WelcomePageHandlerMapping    : Adding welcome page template: index
2025-03-14T09:29:35.976+09:00  INFO 12224 --- [ch06] [Test worker] kr.co.ch06.dao.User1MapperTest           : Started User1MapperTest in 1.851 seconds (process running for 2.952)
2025-03-14T09:29:36.709+09:00  INFO 12224 --- [ch06] [Test worker] com.zaxxer.hikari.HikariDataSource       : HikariPool-1 - Starting...
2025-03-14T09:29:36.982+09:00  INFO 12224 --- [ch06] [Test worker] com.zaxxer.hikari.pool.HikariPool        : HikariPool-1 - Added connection com.mysql.cj.jdbc.ConnectionImpl@e7b3e54
2025-03-14T09:29:36.984+09:00  INFO 12224 --- [ch06] [Test worker] com.zaxxer.hikari.HikariDataSource       : HikariPool-1 - Start completed.
2025-03-14T09:29:37.058+09:00  INFO 12224 --- [ch06] [SpringApplicationShutdownHook] com.zaxxer.hikari.HikariDataSource       : HikariPool-1 - Shutdown initiated...
2025-03-14T09:29:37.062+09:00  INFO 12224 --- [ch06] [SpringApplicationShutdownHook] com.zaxxer.hikari.HikariDataSource       : HikariPool-1 - Shutdown completed.
2025-03-14T09:32:29.089+09:00  INFO 5416 --- [ch06] [Test worker] kr.co.ch06.dao.User1MapperTest           : Starting User1MapperTest using Java 17.0.12 with PID 5416 (started by lotte6 in C:\Users\lotte6\Desktop\Workspace\Spring\ch06)
2025-03-14T09:32:29.091+09:00  INFO 5416 --- [ch06] [Test worker] kr.co.ch06.dao.User1MapperTest           : No active profile set, falling back to 1 default profile: "default"
2025-03-14T09:32:30.256+09:00  INFO 5416 --- [ch06] [Test worker] o.s.b.a.w.s.WelcomePageHandlerMapping    : Adding welcome page template: index
2025-03-14T09:32:30.593+09:00  INFO 5416 --- [ch06] [Test worker] kr.co.ch06.dao.User1MapperTest           : Started User1MapperTest in 1.778 seconds (process running for 2.829)
2025-03-14T09:32:31.328+09:00  INFO 5416 --- [ch06] [Test worker] com.zaxxer.hikari.HikariDataSource       : HikariPool-1 - Starting...
2025-03-14T09:32:31.612+09:00  INFO 5416 --- [ch06] [Test worker] com.zaxxer.hikari.pool.HikariPool        : HikariPool-1 - Added connection com.mysql.cj.jdbc.ConnectionImpl@6b103db7
2025-03-14T09:32:31.614+09:00  INFO 5416 --- [ch06] [Test worker] com.zaxxer.hikari.HikariDataSource       : HikariPool-1 - Start completed.
2025-03-14T09:32:31.689+09:00  INFO 5416 --- [ch06] [SpringApplicationShutdownHook] com.zaxxer.hikari.HikariDataSource       : HikariPool-1 - Shutdown initiated...
2025-03-14T09:32:31.693+09:00  INFO 5416 --- [ch06] [SpringApplicationShutdownHook] com.zaxxer.hikari.HikariDataSource       : HikariPool-1 - Shutdown completed.
2025-03-14T09:34:42.745+09:00  INFO 1944 --- [ch06] [Test worker] kr.co.ch06.dao.User1MapperTest           : Starting User1MapperTest using Java 17.0.12 with PID 1944 (started by lotte6 in C:\Users\lotte6\Desktop\Workspace\Spring\ch06)
2025-03-14T09:34:42.747+09:00  INFO 1944 --- [ch06] [Test worker] kr.co.ch06.dao.User1MapperTest           : No active profile set, falling back to 1 default profile: "default"
2025-03-14T09:34:43.882+09:00  INFO 1944 --- [ch06] [Test worker] o.s.b.a.w.s.WelcomePageHandlerMapping    : Adding welcome page template: index
2025-03-14T09:34:44.240+09:00  INFO 1944 --- [ch06] [Test worker] kr.co.ch06.dao.User1MapperTest           : Started User1MapperTest in 1.774 seconds (process running for 2.819)
2025-03-14T09:34:44.977+09:00  INFO 1944 --- [ch06] [Test worker] com.zaxxer.hikari.HikariDataSource       : HikariPool-1 - Starting...
2025-03-14T09:34:45.266+09:00  INFO 1944 --- [ch06] [Test worker] com.zaxxer.hikari.pool.HikariPool        : HikariPool-1 - Added connection com.mysql.cj.jdbc.ConnectionImpl@57ed02e6
2025-03-14T09:34:45.268+09:00  INFO 1944 --- [ch06] [Test worker] com.zaxxer.hikari.HikariDataSource       : HikariPool-1 - Start completed.
2025-03-14T09:34:45.333+09:00  INFO 1944 --- [ch06] [SpringApplicationShutdownHook] com.zaxxer.hikari.HikariDataSource       : HikariPool-1 - Shutdown initiated...
2025-03-14T09:34:45.337+09:00  INFO 1944 --- [ch06] [SpringApplicationShutdownHook] com.zaxxer.hikari.HikariDataSource       : HikariPool-1 - Shutdown completed.
2025-03-14T09:35:21.256+09:00  INFO 10660 --- [ch06] [Test worker] kr.co.ch06.dao.User1MapperTest           : Starting User1MapperTest using Java 17.0.12 with PID 10660 (started by lotte6 in C:\Users\lotte6\Desktop\Workspace\Spring\ch06)
2025-03-14T09:35:21.258+09:00  INFO 10660 --- [ch06] [Test worker] kr.co.ch06.dao.User1MapperTest           : No active profile set, falling back to 1 default profile: "default"
2025-03-14T09:35:22.411+09:00  INFO 10660 --- [ch06] [Test worker] o.s.b.a.w.s.WelcomePageHandlerMapping    : Adding welcome page template: index
2025-03-14T09:35:22.735+09:00  INFO 10660 --- [ch06] [Test worker] kr.co.ch06.dao.User1MapperTest           : Started User1MapperTest in 1.747 seconds (process running for 2.811)
2025-03-14T09:35:23.456+09:00  INFO 10660 --- [ch06] [Test worker] com.zaxxer.hikari.HikariDataSource       : HikariPool-1 - Starting...
2025-03-14T09:35:23.711+09:00  INFO 10660 --- [ch06] [Test worker] com.zaxxer.hikari.pool.HikariPool        : HikariPool-1 - Added connection com.mysql.cj.jdbc.ConnectionImpl@1f12d5e0
2025-03-14T09:35:23.712+09:00  INFO 10660 --- [ch06] [Test worker] com.zaxxer.hikari.HikariDataSource       : HikariPool-1 - Start completed.
2025-03-14T09:35:23.808+09:00  INFO 10660 --- [ch06] [SpringApplicationShutdownHook] com.zaxxer.hikari.HikariDataSource       : HikariPool-1 - Shutdown initiated...
2025-03-14T09:35:23.813+09:00  INFO 10660 --- [ch06] [SpringApplicationShutdownHook] com.zaxxer.hikari.HikariDataSource       : HikariPool-1 - Shutdown completed.
2025-03-14T09:35:56.339+09:00  INFO 8512 --- [ch06] [Test worker] kr.co.ch06.dao.User1MapperTest           : Starting User1MapperTest using Java 17.0.12 with PID 8512 (started by lotte6 in C:\Users\lotte6\Desktop\Workspace\Spring\ch06)
2025-03-14T09:35:56.343+09:00  INFO 8512 --- [ch06] [Test worker] kr.co.ch06.dao.User1MapperTest           : No active profile set, falling back to 1 default profile: "default"
2025-03-14T09:35:57.549+09:00  INFO 8512 --- [ch06] [Test worker] o.s.b.a.w.s.WelcomePageHandlerMapping    : Adding welcome page template: index
2025-03-14T09:35:57.876+09:00  INFO 8512 --- [ch06] [Test worker] kr.co.ch06.dao.User1MapperTest           : Started User1MapperTest in 1.818 seconds (process running for 2.885)
2025-03-14T09:35:58.620+09:00  INFO 8512 --- [ch06] [Test worker] com.zaxxer.hikari.HikariDataSource       : HikariPool-1 - Starting...
2025-03-14T09:35:58.976+09:00  INFO 8512 --- [ch06] [Test worker] com.zaxxer.hikari.pool.HikariPool        : HikariPool-1 - Added connection com.mysql.cj.jdbc.ConnectionImpl@60861e5d
2025-03-14T09:35:58.980+09:00  INFO 8512 --- [ch06] [Test worker] com.zaxxer.hikari.HikariDataSource       : HikariPool-1 - Start completed.
2025-03-14T09:35:59.094+09:00  INFO 8512 --- [ch06] [SpringApplicationShutdownHook] com.zaxxer.hikari.HikariDataSource       : HikariPool-1 - Shutdown initiated...
2025-03-14T09:35:59.101+09:00  INFO 8512 --- [ch06] [SpringApplicationShutdownHook] com.zaxxer.hikari.HikariDataSource       : HikariPool-1 - Shutdown completed.
2025-03-14T09:36:46.587+09:00  INFO 6040 --- [ch06] [Test worker] kr.co.ch06.dao.User1MapperTest           : Starting User1MapperTest using Java 17.0.12 with PID 6040 (started by lotte6 in C:\Users\lotte6\Desktop\Workspace\Spring\ch06)
2025-03-14T09:36:46.589+09:00  INFO 6040 --- [ch06] [Test worker] kr.co.ch06.dao.User1MapperTest           : No active profile set, falling back to 1 default profile: "default"
2025-03-14T09:36:47.732+09:00  INFO 6040 --- [ch06] [Test worker] o.s.b.a.w.s.WelcomePageHandlerMapping    : Adding welcome page template: index
2025-03-14T09:36:48.076+09:00  INFO 6040 --- [ch06] [Test worker] kr.co.ch06.dao.User1MapperTest           : Started User1MapperTest in 1.745 seconds (process running for 2.842)
2025-03-14T09:36:48.893+09:00  INFO 6040 --- [ch06] [Test worker] com.zaxxer.hikari.HikariDataSource       : HikariPool-1 - Starting...
2025-03-14T09:36:49.203+09:00  INFO 6040 --- [ch06] [Test worker] com.zaxxer.hikari.pool.HikariPool        : HikariPool-1 - Added connection com.mysql.cj.jdbc.ConnectionImpl@6604f246
2025-03-14T09:36:49.206+09:00  INFO 6040 --- [ch06] [Test worker] com.zaxxer.hikari.HikariDataSource       : HikariPool-1 - Start completed.
2025-03-14T09:36:49.282+09:00  INFO 6040 --- [ch06] [SpringApplicationShutdownHook] com.zaxxer.hikari.HikariDataSource       : HikariPool-1 - Shutdown initiated...
2025-03-14T09:36:49.285+09:00  INFO 6040 --- [ch06] [SpringApplicationShutdownHook] com.zaxxer.hikari.HikariDataSource       : HikariPool-1 - Shutdown completed.
2025-03-14T09:38:32.323+09:00  INFO 3700 --- [ch06] [Test worker] kr.co.ch06.dao.User1MapperTest           : Starting User1MapperTest using Java 17.0.12 with PID 3700 (started by lotte6 in C:\Users\lotte6\Desktop\Workspace\Spring\ch06)
2025-03-14T09:38:32.324+09:00  INFO 3700 --- [ch06] [Test worker] kr.co.ch06.dao.User1MapperTest           : No active profile set, falling back to 1 default profile: "default"
2025-03-14T09:38:33.470+09:00  INFO 3700 --- [ch06] [Test worker] o.s.b.a.w.s.WelcomePageHandlerMapping    : Adding welcome page template: index
2025-03-14T09:38:33.793+09:00  INFO 3700 --- [ch06] [Test worker] kr.co.ch06.dao.User1MapperTest           : Started User1MapperTest in 1.753 seconds (process running for 2.816)
2025-03-14T09:38:34.509+09:00  INFO 3700 --- [ch06] [Test worker] com.zaxxer.hikari.HikariDataSource       : HikariPool-1 - Starting...
2025-03-14T09:38:34.811+09:00  INFO 3700 --- [ch06] [Test worker] com.zaxxer.hikari.pool.HikariPool        : HikariPool-1 - Added connection com.mysql.cj.jdbc.ConnectionImpl@1f12d5e0
2025-03-14T09:38:34.813+09:00  INFO 3700 --- [ch06] [Test worker] com.zaxxer.hikari.HikariDataSource       : HikariPool-1 - Start completed.
2025-03-14T09:38:34.889+09:00  INFO 3700 --- [ch06] [SpringApplicationShutdownHook] com.zaxxer.hikari.HikariDataSource       : HikariPool-1 - Shutdown initiated...
2025-03-14T09:38:34.893+09:00  INFO 3700 --- [ch06] [SpringApplicationShutdownHook] com.zaxxer.hikari.HikariDataSource       : HikariPool-1 - Shutdown completed.
2025-03-14T09:41:22.999+09:00  INFO 13368 --- [ch06] [Test worker] kr.co.ch06.dao.User1MapperTest           : Starting User1MapperTest using Java 17.0.12 with PID 13368 (started by lotte6 in C:\Users\lotte6\Desktop\Workspace\Spring\ch06)
2025-03-14T09:41:23.000+09:00  INFO 13368 --- [ch06] [Test worker] kr.co.ch06.dao.User1MapperTest           : No active profile set, falling back to 1 default profile: "default"
2025-03-14T09:41:24.128+09:00  INFO 13368 --- [ch06] [Test worker] o.s.b.a.w.s.WelcomePageHandlerMapping    : Adding welcome page template: index
2025-03-14T09:41:24.461+09:00  INFO 13368 --- [ch06] [Test worker] kr.co.ch06.dao.User1MapperTest           : Started User1MapperTest in 1.723 seconds (process running for 2.794)
2025-03-14T09:41:25.182+09:00  INFO 13368 --- [ch06] [Test worker] com.zaxxer.hikari.HikariDataSource       : HikariPool-1 - Starting...
2025-03-14T09:41:25.505+09:00  INFO 13368 --- [ch06] [Test worker] com.zaxxer.hikari.pool.HikariPool        : HikariPool-1 - Added connection com.mysql.cj.jdbc.ConnectionImpl@4cfe9594
2025-03-14T09:41:25.507+09:00  INFO 13368 --- [ch06] [Test worker] com.zaxxer.hikari.HikariDataSource       : HikariPool-1 - Start completed.
2025-03-14T09:41:25.576+09:00  INFO 13368 --- [ch06] [SpringApplicationShutdownHook] com.zaxxer.hikari.HikariDataSource       : HikariPool-1 - Shutdown initiated...
2025-03-14T09:41:25.579+09:00  INFO 13368 --- [ch06] [SpringApplicationShutdownHook] com.zaxxer.hikari.HikariDataSource       : HikariPool-1 - Shutdown completed.
2025-03-14T09:42:16.200+09:00  INFO 8660 --- [ch06] [Test worker] kr.co.ch06.dao.User1MapperTest           : Starting User1MapperTest using Java 17.0.12 with PID 8660 (started by lotte6 in C:\Users\lotte6\Desktop\Workspace\Spring\ch06)
2025-03-14T09:42:16.201+09:00  INFO 8660 --- [ch06] [Test worker] kr.co.ch06.dao.User1MapperTest           : No active profile set, falling back to 1 default profile: "default"
2025-03-14T09:42:17.331+09:00  INFO 8660 --- [ch06] [Test worker] o.s.b.a.w.s.WelcomePageHandlerMapping    : Adding welcome page template: index
2025-03-14T09:42:17.651+09:00  INFO 8660 --- [ch06] [Test worker] kr.co.ch06.dao.User1MapperTest           : Started User1MapperTest in 1.722 seconds (process running for 2.808)
2025-03-14T09:42:18.371+09:00  INFO 8660 --- [ch06] [Test worker] com.zaxxer.hikari.HikariDataSource       : HikariPool-1 - Starting...
2025-03-14T09:42:18.698+09:00  INFO 8660 --- [ch06] [Test worker] com.zaxxer.hikari.pool.HikariPool        : HikariPool-1 - Added connection com.mysql.cj.jdbc.ConnectionImpl@6604f246
2025-03-14T09:42:18.700+09:00  INFO 8660 --- [ch06] [Test worker] com.zaxxer.hikari.HikariDataSource       : HikariPool-1 - Start completed.
2025-03-14T09:42:18.776+09:00  INFO 8660 --- [ch06] [SpringApplicationShutdownHook] com.zaxxer.hikari.HikariDataSource       : HikariPool-1 - Shutdown initiated...
2025-03-14T09:42:18.779+09:00  INFO 8660 --- [ch06] [SpringApplicationShutdownHook] com.zaxxer.hikari.HikariDataSource       : HikariPool-1 - Shutdown completed.
2025-03-14T09:42:25.045+09:00  INFO 1172 --- [ch06] [Test worker] kr.co.ch06.dao.User1MapperTest           : Starting User1MapperTest using Java 17.0.12 with PID 1172 (started by lotte6 in C:\Users\lotte6\Desktop\Workspace\Spring\ch06)
2025-03-14T09:42:25.047+09:00  INFO 1172 --- [ch06] [Test worker] kr.co.ch06.dao.User1MapperTest           : No active profile set, falling back to 1 default profile: "default"
2025-03-14T09:42:26.205+09:00  INFO 1172 --- [ch06] [Test worker] o.s.b.a.w.s.WelcomePageHandlerMapping    : Adding welcome page template: index
2025-03-14T09:42:26.581+09:00  INFO 1172 --- [ch06] [Test worker] kr.co.ch06.dao.User1MapperTest           : Started User1MapperTest in 1.828 seconds (process running for 2.92)
2025-03-14T09:42:27.358+09:00  INFO 1172 --- [ch06] [Test worker] com.zaxxer.hikari.HikariDataSource       : HikariPool-1 - Starting...
2025-03-14T09:42:27.654+09:00  INFO 1172 --- [ch06] [Test worker] com.zaxxer.hikari.pool.HikariPool        : HikariPool-1 - Added connection com.mysql.cj.jdbc.ConnectionImpl@1f12d5e0
2025-03-14T09:42:27.656+09:00  INFO 1172 --- [ch06] [Test worker] com.zaxxer.hikari.HikariDataSource       : HikariPool-1 - Start completed.
2025-03-14T09:42:27.722+09:00  INFO 1172 --- [ch06] [SpringApplicationShutdownHook] com.zaxxer.hikari.HikariDataSource       : HikariPool-1 - Shutdown initiated...
2025-03-14T09:42:27.726+09:00  INFO 1172 --- [ch06] [SpringApplicationShutdownHook] com.zaxxer.hikari.HikariDataSource       : HikariPool-1 - Shutdown completed.
2025-03-14T09:47:14.619+09:00  INFO 9944 --- [ch06] [Test worker] kr.co.ch06.dao.User1MapperTest           : Starting User1MapperTest using Java 17.0.12 with PID 9944 (started by lotte6 in C:\Users\lotte6\Desktop\Workspace\Spring\ch06)
2025-03-14T09:47:14.621+09:00  INFO 9944 --- [ch06] [Test worker] kr.co.ch06.dao.User1MapperTest           : No active profile set, falling back to 1 default profile: "default"
2025-03-14T09:47:15.734+09:00  INFO 9944 --- [ch06] [Test worker] o.s.b.a.w.s.WelcomePageHandlerMapping    : Adding welcome page template: index
2025-03-14T09:47:16.056+09:00  INFO 9944 --- [ch06] [Test worker] kr.co.ch06.dao.User1MapperTest           : Started User1MapperTest in 1.709 seconds (process running for 2.768)
2025-03-14T09:47:16.744+09:00  INFO 9944 --- [ch06] [Test worker] com.zaxxer.hikari.HikariDataSource       : HikariPool-1 - Starting...
2025-03-14T09:47:17.047+09:00  INFO 9944 --- [ch06] [Test worker] com.zaxxer.hikari.pool.HikariPool        : HikariPool-1 - Added connection com.mysql.cj.jdbc.ConnectionImpl@b3042ed
2025-03-14T09:47:17.049+09:00  INFO 9944 --- [ch06] [Test worker] com.zaxxer.hikari.HikariDataSource       : HikariPool-1 - Start completed.
2025-03-14T09:47:17.173+09:00  INFO 9944 --- [ch06] [SpringApplicationShutdownHook] com.zaxxer.hikari.HikariDataSource       : HikariPool-1 - Shutdown initiated...
2025-03-14T09:47:17.239+09:00  INFO 9944 --- [ch06] [SpringApplicationShutdownHook] com.zaxxer.hikari.HikariDataSource       : HikariPool-1 - Shutdown completed.
2025-03-14T09:48:34.070+09:00  INFO 14872 --- [ch06] [Test worker] kr.co.ch06.dao.User1MapperTest           : Starting User1MapperTest using Java 17.0.12 with PID 14872 (started by lotte6 in C:\Users\lotte6\Desktop\Workspace\Spring\ch06)
2025-03-14T09:48:34.071+09:00  INFO 14872 --- [ch06] [Test worker] kr.co.ch06.dao.User1MapperTest           : No active profile set, falling back to 1 default profile: "default"
2025-03-14T09:48:35.215+09:00  INFO 14872 --- [ch06] [Test worker] o.s.b.a.w.s.WelcomePageHandlerMapping    : Adding welcome page template: index
2025-03-14T09:48:35.558+09:00  INFO 14872 --- [ch06] [Test worker] kr.co.ch06.dao.User1MapperTest           : Started User1MapperTest in 1.772 seconds (process running for 2.787)
2025-03-14T09:48:36.289+09:00  INFO 14872 --- [ch06] [Test worker] com.zaxxer.hikari.HikariDataSource       : HikariPool-1 - Starting...
2025-03-14T09:48:36.557+09:00  INFO 14872 --- [ch06] [Test worker] com.zaxxer.hikari.pool.HikariPool        : HikariPool-1 - Added connection com.mysql.cj.jdbc.ConnectionImpl@1ab1d93d
2025-03-14T09:48:36.559+09:00  INFO 14872 --- [ch06] [Test worker] com.zaxxer.hikari.HikariDataSource       : HikariPool-1 - Start completed.
2025-03-14T09:48:36.681+09:00  INFO 14872 --- [ch06] [SpringApplicationShutdownHook] com.zaxxer.hikari.HikariDataSource       : HikariPool-1 - Shutdown initiated...
2025-03-14T09:48:36.736+09:00  INFO 14872 --- [ch06] [SpringApplicationShutdownHook] com.zaxxer.hikari.HikariDataSource       : HikariPool-1 - Shutdown completed.
2025-03-14T10:03:26.815+09:00  INFO 5784 --- [ch06] [Test worker] kr.co.ch06.dao.User1MapperTest           : Starting User1MapperTest using Java 17.0.12 with PID 5784 (started by lotte6 in C:\Users\lotte6\Desktop\Workspace\Spring\ch06)
2025-03-14T10:03:26.817+09:00  INFO 5784 --- [ch06] [Test worker] kr.co.ch06.dao.User1MapperTest           : No active profile set, falling back to 1 default profile: "default"
2025-03-14T10:03:27.949+09:00  INFO 5784 --- [ch06] [Test worker] o.s.b.a.w.s.WelcomePageHandlerMapping    : Adding welcome page template: index
2025-03-14T10:03:28.360+09:00  INFO 5784 --- [ch06] [Test worker] kr.co.ch06.dao.User1MapperTest           : Started User1MapperTest in 1.822 seconds (process running for 2.885)
2025-03-14T10:03:29.149+09:00  INFO 5784 --- [ch06] [Test worker] com.zaxxer.hikari.HikariDataSource       : HikariPool-1 - Starting...
2025-03-14T10:03:29.429+09:00  INFO 5784 --- [ch06] [Test worker] com.zaxxer.hikari.pool.HikariPool        : HikariPool-1 - Added connection com.mysql.cj.jdbc.ConnectionImpl@1f12d5e0
2025-03-14T10:03:29.431+09:00  INFO 5784 --- [ch06] [Test worker] com.zaxxer.hikari.HikariDataSource       : HikariPool-1 - Start completed.
2025-03-14T10:03:29.582+09:00  INFO 5784 --- [ch06] [SpringApplicationShutdownHook] com.zaxxer.hikari.HikariDataSource       : HikariPool-1 - Shutdown initiated...
2025-03-14T10:03:29.595+09:00  INFO 5784 --- [ch06] [SpringApplicationShutdownHook] com.zaxxer.hikari.HikariDataSource       : HikariPool-1 - Shutdown completed.
2025-03-14T10:04:10.226+09:00  INFO 5408 --- [ch06] [Test worker] kr.co.ch06.dao.User1MapperTest           : Starting User1MapperTest using Java 17.0.12 with PID 5408 (started by lotte6 in C:\Users\lotte6\Desktop\Workspace\Spring\ch06)
2025-03-14T10:04:10.229+09:00  INFO 5408 --- [ch06] [Test worker] kr.co.ch06.dao.User1MapperTest           : No active profile set, falling back to 1 default profile: "default"
2025-03-14T10:04:11.391+09:00  INFO 5408 --- [ch06] [Test worker] o.s.b.a.w.s.WelcomePageHandlerMapping    : Adding welcome page template: index
2025-03-14T10:04:11.731+09:00  INFO 5408 --- [ch06] [Test worker] kr.co.ch06.dao.User1MapperTest           : Started User1MapperTest in 1.779 seconds (process running for 2.846)
2025-03-14T10:04:12.469+09:00  INFO 5408 --- [ch06] [Test worker] com.zaxxer.hikari.HikariDataSource       : HikariPool-1 - Starting...
2025-03-14T10:04:12.748+09:00  INFO 5408 --- [ch06] [Test worker] com.zaxxer.hikari.pool.HikariPool        : HikariPool-1 - Added connection com.mysql.cj.jdbc.ConnectionImpl@1f12d5e0
2025-03-14T10:04:12.750+09:00  INFO 5408 --- [ch06] [Test worker] com.zaxxer.hikari.HikariDataSource       : HikariPool-1 - Start completed.
2025-03-14T10:04:12.868+09:00  INFO 5408 --- [ch06] [SpringApplicationShutdownHook] com.zaxxer.hikari.HikariDataSource       : HikariPool-1 - Shutdown initiated...
2025-03-14T10:04:12.918+09:00  INFO 5408 --- [ch06] [SpringApplicationShutdownHook] com.zaxxer.hikari.HikariDataSource       : HikariPool-1 - Shutdown completed.
2025-03-14T10:06:22.607+09:00  INFO 10836 --- [ch06] [Test worker] kr.co.ch06.dao.User1MapperTest           : Starting User1MapperTest using Java 17.0.12 with PID 10836 (started by lotte6 in C:\Users\lotte6\Desktop\Workspace\Spring\ch06)
2025-03-14T10:06:22.609+09:00  INFO 10836 --- [ch06] [Test worker] kr.co.ch06.dao.User1MapperTest           : No active profile set, falling back to 1 default profile: "default"
2025-03-14T10:06:23.725+09:00  INFO 10836 --- [ch06] [Test worker] o.s.b.a.w.s.WelcomePageHandlerMapping    : Adding welcome page template: index
2025-03-14T10:06:24.053+09:00  INFO 10836 --- [ch06] [Test worker] kr.co.ch06.dao.User1MapperTest           : Started User1MapperTest in 1.718 seconds (process running for 2.786)
2025-03-14T10:06:24.771+09:00  INFO 10836 --- [ch06] [Test worker] com.zaxxer.hikari.HikariDataSource       : HikariPool-1 - Starting...
2025-03-14T10:06:25.085+09:00  INFO 10836 --- [ch06] [Test worker] com.zaxxer.hikari.pool.HikariPool        : HikariPool-1 - Added connection com.mysql.cj.jdbc.ConnectionImpl@29db008c
2025-03-14T10:06:25.087+09:00  INFO 10836 --- [ch06] [Test worker] com.zaxxer.hikari.HikariDataSource       : HikariPool-1 - Start completed.
2025-03-14T10:06:25.234+09:00  INFO 10836 --- [ch06] [SpringApplicationShutdownHook] com.zaxxer.hikari.HikariDataSource       : HikariPool-1 - Shutdown initiated...
2025-03-14T10:06:25.257+09:00  INFO 10836 --- [ch06] [SpringApplicationShutdownHook] com.zaxxer.hikari.HikariDataSource       : HikariPool-1 - Shutdown completed.
2025-03-14T10:06:55.851+09:00  INFO 14268 --- [ch06] [Test worker] kr.co.ch06.dao.User1MapperTest           : Starting User1MapperTest using Java 17.0.12 with PID 14268 (started by lotte6 in C:\Users\lotte6\Desktop\Workspace\Spring\ch06)
2025-03-14T10:06:55.854+09:00  INFO 14268 --- [ch06] [Test worker] kr.co.ch06.dao.User1MapperTest           : No active profile set, falling back to 1 default profile: "default"
2025-03-14T10:06:56.949+09:00  INFO 14268 --- [ch06] [Test worker] o.s.b.a.w.s.WelcomePageHandlerMapping    : Adding welcome page template: index
2025-03-14T10:06:57.274+09:00  INFO 14268 --- [ch06] [Test worker] kr.co.ch06.dao.User1MapperTest           : Started User1MapperTest in 1.696 seconds (process running for 2.756)
2025-03-14T10:06:57.974+09:00  INFO 14268 --- [ch06] [Test worker] com.zaxxer.hikari.HikariDataSource       : HikariPool-1 - Starting...
2025-03-14T10:06:58.272+09:00  INFO 14268 --- [ch06] [Test worker] com.zaxxer.hikari.pool.HikariPool        : HikariPool-1 - Added connection com.mysql.cj.jdbc.ConnectionImpl@29db008c
2025-03-14T10:06:58.274+09:00  INFO 14268 --- [ch06] [Test worker] com.zaxxer.hikari.HikariDataSource       : HikariPool-1 - Start completed.
2025-03-14T10:06:58.393+09:00  INFO 14268 --- [ch06] [SpringApplicationShutdownHook] com.zaxxer.hikari.HikariDataSource       : HikariPool-1 - Shutdown initiated...
2025-03-14T10:06:58.449+09:00  INFO 14268 --- [ch06] [SpringApplicationShutdownHook] com.zaxxer.hikari.HikariDataSource       : HikariPool-1 - Shutdown completed.
2025-03-14T10:16:36.687+09:00  INFO 5464 --- [ch06] [Test worker] kr.co.ch06.service.User1ServiceTest      : Starting User1ServiceTest using Java 17.0.12 with PID 5464 (started by lotte6 in C:\Users\lotte6\Desktop\Workspace\Spring\ch06)
2025-03-14T10:16:36.689+09:00  INFO 5464 --- [ch06] [Test worker] kr.co.ch06.service.User1ServiceTest      : No active profile set, falling back to 1 default profile: "default"
2025-03-14T10:16:37.850+09:00  INFO 5464 --- [ch06] [Test worker] o.s.b.a.w.s.WelcomePageHandlerMapping    : Adding welcome page template: index
2025-03-14T10:16:38.177+09:00  INFO 5464 --- [ch06] [Test worker] kr.co.ch06.service.User1ServiceTest      : Started User1ServiceTest in 1.762 seconds (process running for 2.894)
2025-03-14T10:16:38.938+09:00  INFO 5464 --- [ch06] [Test worker] com.zaxxer.hikari.HikariDataSource       : HikariPool-1 - Starting...
2025-03-14T10:16:39.238+09:00  INFO 5464 --- [ch06] [Test worker] com.zaxxer.hikari.pool.HikariPool        : HikariPool-1 - Added connection com.mysql.cj.jdbc.ConnectionImpl@21bf308
2025-03-14T10:16:39.240+09:00  INFO 5464 --- [ch06] [Test worker] com.zaxxer.hikari.HikariDataSource       : HikariPool-1 - Start completed.
2025-03-14T10:16:39.330+09:00  INFO 5464 --- [ch06] [SpringApplicationShutdownHook] com.zaxxer.hikari.HikariDataSource       : HikariPool-1 - Shutdown initiated...
2025-03-14T10:16:39.336+09:00  INFO 5464 --- [ch06] [SpringApplicationShutdownHook] com.zaxxer.hikari.HikariDataSource       : HikariPool-1 - Shutdown completed.
2025-03-14T10:17:04.304+09:00  INFO 7048 --- [ch06] [Test worker] kr.co.ch06.service.User1ServiceTest      : Starting User1ServiceTest using Java 17.0.12 with PID 7048 (started by lotte6 in C:\Users\lotte6\Desktop\Workspace\Spring\ch06)
2025-03-14T10:17:04.305+09:00  INFO 7048 --- [ch06] [Test worker] kr.co.ch06.service.User1ServiceTest      : No active profile set, falling back to 1 default profile: "default"
2025-03-14T10:17:05.469+09:00  INFO 7048 --- [ch06] [Test worker] o.s.b.a.w.s.WelcomePageHandlerMapping    : Adding welcome page template: index
2025-03-14T10:17:05.794+09:00  INFO 7048 --- [ch06] [Test worker] kr.co.ch06.service.User1ServiceTest      : Started User1ServiceTest in 1.756 seconds (process running for 2.855)
2025-03-14T10:17:06.504+09:00  INFO 7048 --- [ch06] [Test worker] com.zaxxer.hikari.HikariDataSource       : HikariPool-1 - Starting...
2025-03-14T10:17:06.813+09:00  INFO 7048 --- [ch06] [Test worker] com.zaxxer.hikari.pool.HikariPool        : HikariPool-1 - Added connection com.mysql.cj.jdbc.ConnectionImpl@43df1377
2025-03-14T10:17:06.816+09:00  INFO 7048 --- [ch06] [Test worker] com.zaxxer.hikari.HikariDataSource       : HikariPool-1 - Start completed.
2025-03-14T10:17:06.907+09:00  INFO 7048 --- [ch06] [SpringApplicationShutdownHook] com.zaxxer.hikari.HikariDataSource       : HikariPool-1 - Shutdown initiated...
2025-03-14T10:17:06.913+09:00  INFO 7048 --- [ch06] [SpringApplicationShutdownHook] com.zaxxer.hikari.HikariDataSource       : HikariPool-1 - Shutdown completed.
2025-03-14T10:17:39.613+09:00  INFO 13156 --- [ch06] [Test worker] kr.co.ch06.service.User1ServiceTest      : Starting User1ServiceTest using Java 17.0.12 with PID 13156 (started by lotte6 in C:\Users\lotte6\Desktop\Workspace\Spring\ch06)
2025-03-14T10:17:39.615+09:00  INFO 13156 --- [ch06] [Test worker] kr.co.ch06.service.User1ServiceTest      : No active profile set, falling back to 1 default profile: "default"
2025-03-14T10:17:40.750+09:00  INFO 13156 --- [ch06] [Test worker] o.s.b.a.w.s.WelcomePageHandlerMapping    : Adding welcome page template: index
2025-03-14T10:17:41.082+09:00  INFO 13156 --- [ch06] [Test worker] kr.co.ch06.service.User1ServiceTest      : Started User1ServiceTest in 1.742 seconds (process running for 2.812)
2025-03-14T10:17:41.795+09:00  INFO 13156 --- [ch06] [Test worker] com.zaxxer.hikari.HikariDataSource       : HikariPool-1 - Starting...
2025-03-14T10:17:42.073+09:00  INFO 13156 --- [ch06] [Test worker] com.zaxxer.hikari.pool.HikariPool        : HikariPool-1 - Added connection com.mysql.cj.jdbc.ConnectionImpl@1cee3e05
2025-03-14T10:17:42.076+09:00  INFO 13156 --- [ch06] [Test worker] com.zaxxer.hikari.HikariDataSource       : HikariPool-1 - Start completed.
2025-03-14T10:17:42.160+09:00  INFO 13156 --- [ch06] [SpringApplicationShutdownHook] com.zaxxer.hikari.HikariDataSource       : HikariPool-1 - Shutdown initiated...
2025-03-14T10:17:42.167+09:00  INFO 13156 --- [ch06] [SpringApplicationShutdownHook] com.zaxxer.hikari.HikariDataSource       : HikariPool-1 - Shutdown completed.
2025-03-14T10:31:12.578+09:00  INFO 4456 --- [ch06] [Test worker] k.co.ch06.Controller.Sub1ControllerTest  : Starting Sub1ControllerTest using Java 17.0.12 with PID 4456 (started by lotte6 in C:\Users\lotte6\Desktop\Workspace\Spring\ch06)
2025-03-14T10:31:12.579+09:00  INFO 4456 --- [ch06] [Test worker] k.co.ch06.Controller.Sub1ControllerTest  : No active profile set, falling back to 1 default profile: "default"
2025-03-14T10:31:13.763+09:00  INFO 4456 --- [ch06] [Test worker] o.s.b.a.w.s.WelcomePageHandlerMapping    : Adding welcome page template: index
2025-03-14T10:31:14.080+09:00  INFO 4456 --- [ch06] [Test worker] o.s.b.t.m.w.SpringBootMockServletContext : Initializing Spring TestDispatcherServlet ''
2025-03-14T10:31:14.080+09:00  INFO 4456 --- [ch06] [Test worker] o.s.t.web.servlet.TestDispatcherServlet  : Initializing Servlet ''
2025-03-14T10:31:14.082+09:00  INFO 4456 --- [ch06] [Test worker] o.s.t.web.servlet.TestDispatcherServlet  : Completed initialization in 1 ms
2025-03-14T10:31:14.118+09:00  INFO 4456 --- [ch06] [Test worker] k.co.ch06.Controller.Sub1ControllerTest  : Started Sub1ControllerTest in 1.827 seconds (process running for 2.957)
2025-03-14T10:35:32.460+09:00  INFO 7928 --- [ch06] [Test worker] k.co.ch06.Controller.Sub1ControllerTest  : Starting Sub1ControllerTest using Java 17.0.12 with PID 7928 (started by lotte6 in C:\Users\lotte6\Desktop\Workspace\Spring\ch06)
2025-03-14T10:35:32.462+09:00  INFO 7928 --- [ch06] [Test worker] k.co.ch06.Controller.Sub1ControllerTest  : No active profile set, falling back to 1 default profile: "default"
2025-03-14T10:35:33.596+09:00  INFO 7928 --- [ch06] [Test worker] o.s.b.a.w.s.WelcomePageHandlerMapping    : Adding welcome page template: index
2025-03-14T10:35:33.922+09:00  INFO 7928 --- [ch06] [Test worker] o.s.b.t.m.w.SpringBootMockServletContext : Initializing Spring TestDispatcherServlet ''
2025-03-14T10:35:33.922+09:00  INFO 7928 --- [ch06] [Test worker] o.s.t.web.servlet.TestDispatcherServlet  : Initializing Servlet ''
2025-03-14T10:35:33.924+09:00  INFO 7928 --- [ch06] [Test worker] o.s.t.web.servlet.TestDispatcherServlet  : Completed initialization in 2 ms
2025-03-14T10:35:33.956+09:00  INFO 7928 --- [ch06] [Test worker] k.co.ch06.Controller.Sub1ControllerTest  : Started Sub1ControllerTest in 1.795 seconds (process running for 2.896)
2025-03-14T10:39:19.965+09:00  INFO 6496 --- [ch06] [Test worker] k.co.ch06.Controller.Sub1ControllerTest  : Starting Sub1ControllerTest using Java 17.0.12 with PID 6496 (started by lotte6 in C:\Users\lotte6\Desktop\Workspace\Spring\ch06)
2025-03-14T10:39:19.967+09:00  INFO 6496 --- [ch06] [Test worker] k.co.ch06.Controller.Sub1ControllerTest  : No active profile set, falling back to 1 default profile: "default"
2025-03-14T10:39:21.296+09:00  INFO 6496 --- [ch06] [Test worker] o.s.b.a.w.s.WelcomePageHandlerMapping    : Adding welcome page template: index
2025-03-14T10:39:21.780+09:00  INFO 6496 --- [ch06] [Test worker] o.s.b.t.m.w.SpringBootMockServletContext : Initializing Spring TestDispatcherServlet ''
2025-03-14T10:39:21.780+09:00  INFO 6496 --- [ch06] [Test worker] o.s.t.web.servlet.TestDispatcherServlet  : Initializing Servlet ''
2025-03-14T10:39:21.781+09:00  INFO 6496 --- [ch06] [Test worker] o.s.t.web.servlet.TestDispatcherServlet  : Completed initialization in 1 ms
2025-03-14T10:39:21.822+09:00  INFO 6496 --- [ch06] [Test worker] k.co.ch06.Controller.Sub1ControllerTest  : Started Sub1ControllerTest in 2.209 seconds (process running for 3.357)
2025-03-14T10:40:00.172+09:00  INFO 6052 --- [ch06] [Test worker] k.co.ch06.Controller.Sub1ControllerTest  : Starting Sub1ControllerTest using Java 17.0.12 with PID 6052 (started by lotte6 in C:\Users\lotte6\Desktop\Workspace\Spring\ch06)
2025-03-14T10:40:00.174+09:00  INFO 6052 --- [ch06] [Test worker] k.co.ch06.Controller.Sub1ControllerTest  : No active profile set, falling back to 1 default profile: "default"
2025-03-14T10:40:01.361+09:00  INFO 6052 --- [ch06] [Test worker] o.s.b.a.w.s.WelcomePageHandlerMapping    : Adding welcome page template: index
2025-03-14T10:40:01.702+09:00  INFO 6052 --- [ch06] [Test worker] o.s.b.t.m.w.SpringBootMockServletContext : Initializing Spring TestDispatcherServlet ''
2025-03-14T10:40:01.702+09:00  INFO 6052 --- [ch06] [Test worker] o.s.t.web.servlet.TestDispatcherServlet  : Initializing Servlet ''
2025-03-14T10:40:01.703+09:00  INFO 6052 --- [ch06] [Test worker] o.s.t.web.servlet.TestDispatcherServlet  : Completed initialization in 1 ms
2025-03-14T10:40:01.736+09:00  INFO 6052 --- [ch06] [Test worker] k.co.ch06.Controller.Sub1ControllerTest  : Started Sub1ControllerTest in 1.904 seconds (process running for 3.026)
2025-03-14T10:41:21.117+09:00  INFO 8376 --- [ch06] [Test worker] k.co.ch06.Controller.Sub1ControllerTest  : Starting Sub1ControllerTest using Java 17.0.12 with PID 8376 (started by lotte6 in C:\Users\lotte6\Desktop\Workspace\Spring\ch06)
2025-03-14T10:41:21.118+09:00  INFO 8376 --- [ch06] [Test worker] k.co.ch06.Controller.Sub1ControllerTest  : No active profile set, falling back to 1 default profile: "default"
2025-03-14T10:41:22.318+09:00  INFO 8376 --- [ch06] [Test worker] o.s.b.a.w.s.WelcomePageHandlerMapping    : Adding welcome page template: index
2025-03-14T10:41:22.636+09:00  INFO 8376 --- [ch06] [Test worker] o.s.b.t.m.w.SpringBootMockServletContext : Initializing Spring TestDispatcherServlet ''
2025-03-14T10:41:22.637+09:00  INFO 8376 --- [ch06] [Test worker] o.s.t.web.servlet.TestDispatcherServlet  : Initializing Servlet ''
2025-03-14T10:41:22.638+09:00  INFO 8376 --- [ch06] [Test worker] o.s.t.web.servlet.TestDispatcherServlet  : Completed initialization in 1 ms
2025-03-14T10:41:22.668+09:00  INFO 8376 --- [ch06] [Test worker] k.co.ch06.Controller.Sub1ControllerTest  : Started Sub1ControllerTest in 1.859 seconds (process running for 2.933)
2025-03-14T10:41:23.407+09:00  WARN 8376 --- [ch06] [Test worker] .w.s.m.s.DefaultHandlerExceptionResolver : Resolved [org.springframework.web.HttpRequestMethodNotSupportedException: Request method 'POST' is not supported]
2025-03-14T10:43:07.533+09:00  INFO 12948 --- [ch06] [Test worker] k.co.ch06.Controller.Sub1ControllerTest  : Starting Sub1ControllerTest using Java 17.0.12 with PID 12948 (started by lotte6 in C:\Users\lotte6\Desktop\Workspace\Spring\ch06)
2025-03-14T10:43:07.535+09:00  INFO 12948 --- [ch06] [Test worker] k.co.ch06.Controller.Sub1ControllerTest  : No active profile set, falling back to 1 default profile: "default"
2025-03-14T10:43:08.661+09:00  INFO 12948 --- [ch06] [Test worker] o.s.b.a.w.s.WelcomePageHandlerMapping    : Adding welcome page template: index
2025-03-14T10:43:08.990+09:00  INFO 12948 --- [ch06] [Test worker] o.s.b.t.m.w.SpringBootMockServletContext : Initializing Spring TestDispatcherServlet ''
2025-03-14T10:43:08.990+09:00  INFO 12948 --- [ch06] [Test worker] o.s.t.web.servlet.TestDispatcherServlet  : Initializing Servlet ''
2025-03-14T10:43:08.992+09:00  INFO 12948 --- [ch06] [Test worker] o.s.t.web.servlet.TestDispatcherServlet  : Completed initialization in 1 ms
2025-03-14T10:43:09.022+09:00  INFO 12948 --- [ch06] [Test worker] k.co.ch06.Controller.Sub1ControllerTest  : Started Sub1ControllerTest in 1.799 seconds (process running for 2.867)
2025-03-14T10:43:17.196+09:00  INFO 7508 --- [ch06] [Test worker] k.co.ch06.Controller.Sub1ControllerTest  : Starting Sub1ControllerTest using Java 17.0.12 with PID 7508 (started by lotte6 in C:\Users\lotte6\Desktop\Workspace\Spring\ch06)
2025-03-14T10:43:17.198+09:00  INFO 7508 --- [ch06] [Test worker] k.co.ch06.Controller.Sub1ControllerTest  : No active profile set, falling back to 1 default profile: "default"
2025-03-14T10:43:18.353+09:00  INFO 7508 --- [ch06] [Test worker] o.s.b.a.w.s.WelcomePageHandlerMapping    : Adding welcome page template: index
2025-03-14T10:43:18.677+09:00  INFO 7508 --- [ch06] [Test worker] o.s.b.t.m.w.SpringBootMockServletContext : Initializing Spring TestDispatcherServlet ''
2025-03-14T10:43:18.677+09:00  INFO 7508 --- [ch06] [Test worker] o.s.t.web.servlet.TestDispatcherServlet  : Initializing Servlet ''
2025-03-14T10:43:18.678+09:00  INFO 7508 --- [ch06] [Test worker] o.s.t.web.servlet.TestDispatcherServlet  : Completed initialization in 1 ms
2025-03-14T10:43:18.714+09:00  INFO 7508 --- [ch06] [Test worker] k.co.ch06.Controller.Sub1ControllerTest  : Started Sub1ControllerTest in 1.836 seconds (process running for 2.911)
2025-03-14T10:43:19.452+09:00  WARN 7508 --- [ch06] [Test worker] .w.s.m.s.DefaultHandlerExceptionResolver : Resolved [org.springframework.web.HttpRequestMethodNotSupportedException: Request method 'POST' is not supported]
2025-03-14T11:02:20.454+09:00  INFO 13816 --- [ch06] [Test worker] k.co.ch06.Controller.Sub1ControllerTest  : Starting Sub1ControllerTest using Java 17.0.12 with PID 13816 (started by lotte6 in C:\Users\lotte6\Desktop\Workspace\Spring\ch06)
2025-03-14T11:02:20.456+09:00  INFO 13816 --- [ch06] [Test worker] k.co.ch06.Controller.Sub1ControllerTest  : No active profile set, falling back to 1 default profile: "default"
2025-03-14T11:02:21.586+09:00  INFO 13816 --- [ch06] [Test worker] o.s.b.a.w.s.WelcomePageHandlerMapping    : Adding welcome page template: index
2025-03-14T11:02:21.910+09:00  INFO 13816 --- [ch06] [Test worker] o.s.b.t.m.w.SpringBootMockServletContext : Initializing Spring TestDispatcherServlet ''
2025-03-14T11:02:21.910+09:00  INFO 13816 --- [ch06] [Test worker] o.s.t.web.servlet.TestDispatcherServlet  : Initializing Servlet ''
2025-03-14T11:02:21.911+09:00  INFO 13816 --- [ch06] [Test worker] o.s.t.web.servlet.TestDispatcherServlet  : Completed initialization in 1 ms
2025-03-14T11:02:21.945+09:00  INFO 13816 --- [ch06] [Test worker] k.co.ch06.Controller.Sub1ControllerTest  : Started Sub1ControllerTest in 1.801 seconds (process running for 2.862)
2025-03-14T12:05:23.989+09:00  INFO 6328 --- [ch06] [Test worker] k.co.ch06.Controller.Sub1ControllerTest  : Starting Sub1ControllerTest using Java 17.0.12 with PID 6328 (started by lotte6 in C:\Users\lotte6\Desktop\Workspace\Spring\ch06)
2025-03-14T12:05:23.990+09:00  INFO 6328 --- [ch06] [Test worker] k.co.ch06.Controller.Sub1ControllerTest  : No active profile set, falling back to 1 default profile: "default"
2025-03-14T12:05:25.111+09:00  INFO 6328 --- [ch06] [Test worker] o.s.b.a.w.s.WelcomePageHandlerMapping    : Adding welcome page template: index
2025-03-14T12:05:25.429+09:00  INFO 6328 --- [ch06] [Test worker] o.s.b.t.m.w.SpringBootMockServletContext : Initializing Spring TestDispatcherServlet ''
2025-03-14T12:05:25.429+09:00  INFO 6328 --- [ch06] [Test worker] o.s.t.web.servlet.TestDispatcherServlet  : Initializing Servlet ''
2025-03-14T12:05:25.431+09:00  INFO 6328 --- [ch06] [Test worker] o.s.t.web.servlet.TestDispatcherServlet  : Completed initialization in 2 ms
2025-03-14T12:05:25.469+09:00  INFO 6328 --- [ch06] [Test worker] k.co.ch06.Controller.Sub1ControllerTest  : Started Sub1ControllerTest in 1.775 seconds (process running for 2.953)
2025-03-14T12:06:06.897+09:00  INFO 5228 --- [ch06] [restartedMain] kr.co.ch06.Ch06Application               : Starting Ch06Application using Java 17.0.12 with PID 5228 (C:\Users\lotte6\Desktop\Workspace\Spring\ch06\build\classes\java\main started by lotte6 in C:\Users\lotte6\Desktop\Workspace\Spring\ch06)
2025-03-14T12:06:06.899+09:00  INFO 5228 --- [ch06] [restartedMain] kr.co.ch06.Ch06Application               : No active profile set, falling back to 1 default profile: "default"
2025-03-14T12:06:06.933+09:00  INFO 5228 --- [ch06] [restartedMain] .e.DevToolsPropertyDefaultsPostProcessor : Devtools property defaults active! Set 'spring.devtools.add-properties' to 'false' to disable
2025-03-14T12:06:06.933+09:00  INFO 5228 --- [ch06] [restartedMain] .e.DevToolsPropertyDefaultsPostProcessor : For additional web related logging consider setting the 'logging.level.web' property to 'DEBUG'
2025-03-14T12:06:07.748+09:00  INFO 5228 --- [ch06] [restartedMain] o.s.b.w.embedded.tomcat.TomcatWebServer  : Tomcat initialized with port 8080 (http)
2025-03-14T12:06:07.758+09:00  INFO 5228 --- [ch06] [restartedMain] o.apache.catalina.core.StandardService   : Starting service [Tomcat]
2025-03-14T12:06:07.758+09:00  INFO 5228 --- [ch06] [restartedMain] o.apache.catalina.core.StandardEngine    : Starting Servlet engine: [Apache Tomcat/10.1.36]
2025-03-14T12:06:07.796+09:00  INFO 5228 --- [ch06] [restartedMain] o.a.c.c.C.[Tomcat].[localhost].[/ch06]   : Initializing Spring embedded WebApplicationContext
2025-03-14T12:06:07.796+09:00  INFO 5228 --- [ch06] [restartedMain] w.s.c.ServletWebServerApplicationContext : Root WebApplicationContext: initialization completed in 863 ms
2025-03-14T12:06:08.033+09:00  INFO 5228 --- [ch06] [restartedMain] o.s.b.a.w.s.WelcomePageHandlerMapping    : Adding welcome page template: index
2025-03-14T12:06:08.272+09:00  INFO 5228 --- [ch06] [restartedMain] o.s.b.d.a.OptionalLiveReloadServer       : LiveReload server is running on port 35729
2025-03-14T12:06:08.297+09:00  INFO 5228 --- [ch06] [restartedMain] o.s.b.w.embedded.tomcat.TomcatWebServer  : Tomcat started on port 8080 (http) with context path '/ch06'
2025-03-14T12:06:08.303+09:00  INFO 5228 --- [ch06] [restartedMain] kr.co.ch06.Ch06Application               : Started Ch06Application in 1.746 seconds (process running for 2.246)
2025-03-14T12:06:14.677+09:00  INFO 5228 --- [ch06] [http-nio-8080-exec-2] o.a.c.c.C.[Tomcat].[localhost].[/ch06]   : Initializing Spring DispatcherServlet 'dispatcherServlet'
2025-03-14T12:06:14.677+09:00  INFO 5228 --- [ch06] [http-nio-8080-exec-2] o.s.web.servlet.DispatcherServlet        : Initializing Servlet 'dispatcherServlet'
2025-03-14T12:06:14.678+09:00  INFO 5228 --- [ch06] [http-nio-8080-exec-2] o.s.web.servlet.DispatcherServlet        : Completed initialization in 1 ms
2025-03-14T12:06:16.927+09:00  INFO 5228 --- [ch06] [http-nio-8080-exec-5] kr.co.ch06.Controller.User2Controller    : list
2025-03-14T12:06:16.942+09:00  INFO 5228 --- [ch06] [http-nio-8080-exec-5] com.zaxxer.hikari.HikariDataSource       : HikariPool-1 - Starting...
2025-03-14T12:06:17.162+09:00  INFO 5228 --- [ch06] [http-nio-8080-exec-5] com.zaxxer.hikari.pool.HikariPool        : HikariPool-1 - Added connection com.mysql.cj.jdbc.ConnectionImpl@27a41c82
2025-03-14T12:06:17.164+09:00  INFO 5228 --- [ch06] [http-nio-8080-exec-5] com.zaxxer.hikari.HikariDataSource       : HikariPool-1 - Start completed.
2025-03-14T12:06:18.682+09:00  INFO 5228 --- [ch06] [http-nio-8080-exec-7] kr.co.ch06.Controller.User2Controller    : uid: a195
2025-03-14T12:06:18.689+09:00  INFO 5228 --- [ch06] [http-nio-8080-exec-8] kr.co.ch06.Controller.User2Controller    : list
2025-03-14T12:06:19.267+09:00  INFO 5228 --- [ch06] [http-nio-8080-exec-9] kr.co.ch06.Controller.User2Controller    : uid: a195
2025-03-14T12:06:19.274+09:00  INFO 5228 --- [ch06] [http-nio-8080-exec-10] kr.co.ch06.Controller.User2Controller    : list
2025-03-14T12:06:19.411+09:00  INFO 5228 --- [ch06] [http-nio-8080-exec-1] kr.co.ch06.Controller.User2Controller    : uid: a195
2025-03-14T12:06:19.416+09:00  INFO 5228 --- [ch06] [http-nio-8080-exec-2] kr.co.ch06.Controller.User2Controller    : list
2025-03-14T12:06:19.538+09:00  INFO 5228 --- [ch06] [http-nio-8080-exec-3] kr.co.ch06.Controller.User2Controller    : uid: a195
2025-03-14T12:06:19.544+09:00  INFO 5228 --- [ch06] [http-nio-8080-exec-5] kr.co.ch06.Controller.User2Controller    : list
2025-03-14T12:06:19.673+09:00  INFO 5228 --- [ch06] [http-nio-8080-exec-6] kr.co.ch06.Controller.User2Controller    : uid: a195
2025-03-14T12:06:19.678+09:00  INFO 5228 --- [ch06] [http-nio-8080-exec-4] kr.co.ch06.Controller.User2Controller    : list
2025-03-14T12:08:19.078+09:00  INFO 5228 --- [ch06] [http-nio-8080-exec-9] kr.co.ch06.Controller.User2Controller    : uid: A101
2025-03-14T12:08:19.085+09:00  INFO 5228 --- [ch06] [http-nio-8080-exec-10] kr.co.ch06.Controller.User2Controller    : list
2025-03-14T12:08:35.777+09:00  INFO 5228 --- [ch06] [http-nio-8080-exec-2] kr.co.ch06.Controller.User2Controller    : user2DTO: User2DTO(uid=abc123, name=홍길동, birth=1958-01-16, addr=서울 마포구)
2025-03-14T12:08:35.786+09:00  INFO 5228 --- [ch06] [http-nio-8080-exec-3] kr.co.ch06.Controller.User2Controller    : list
2025-03-14T12:08:39.477+09:00  INFO 5228 --- [ch06] [http-nio-8080-exec-5] kr.co.ch06.Controller.User2Controller    : uid: abc123
2025-03-14T12:08:44.854+09:00  INFO 5228 --- [ch06] [http-nio-8080-exec-6] kr.co.ch06.Controller.User2Controller    : user2DTO: User2DTO(uid=abc123, name=홍길동, birth=1958-09-16, addr=서울 마포구)
2025-03-14T12:08:44.865+09:00  INFO 5228 --- [ch06] [http-nio-8080-exec-4] kr.co.ch06.Controller.User2Controller    : list
2025-03-14T12:08:49.419+09:00  INFO 5228 --- [ch06] [http-nio-8080-exec-7] kr.co.ch06.Controller.User2Controller    : uid: abc123
2025-03-14T12:08:49.427+09:00  INFO 5228 --- [ch06] [http-nio-8080-exec-8] kr.co.ch06.Controller.User2Controller    : list
2025-03-14T12:08:50.435+09:00  INFO 5228 --- [ch06] [http-nio-8080-exec-9] kr.co.ch06.Controller.User2Controller    : uid: abc123
2025-03-14T12:08:50.440+09:00  INFO 5228 --- [ch06] [http-nio-8080-exec-10] kr.co.ch06.Controller.User2Controller    : list
2025-03-14T12:08:50.570+09:00  INFO 5228 --- [ch06] [http-nio-8080-exec-1] kr.co.ch06.Controller.User2Controller    : uid: abc123
2025-03-14T12:08:50.574+09:00  INFO 5228 --- [ch06] [http-nio-8080-exec-2] kr.co.ch06.Controller.User2Controller    : list
2025-03-14T12:08:50.733+09:00  INFO 5228 --- [ch06] [http-nio-8080-exec-3] kr.co.ch06.Controller.User2Controller    : uid: abc123
2025-03-14T12:08:50.738+09:00  INFO 5228 --- [ch06] [http-nio-8080-exec-5] kr.co.ch06.Controller.User2Controller    : list
2025-03-14T12:08:50.875+09:00  INFO 5228 --- [ch06] [http-nio-8080-exec-6] kr.co.ch06.Controller.User2Controller    : uid: abc123
2025-03-14T12:08:50.878+09:00  INFO 5228 --- [ch06] [http-nio-8080-exec-4] kr.co.ch06.Controller.User2Controller    : list
2025-03-14T12:08:51.010+09:00  INFO 5228 --- [ch06] [http-nio-8080-exec-7] kr.co.ch06.Controller.User2Controller    : uid: abc123
2025-03-14T12:08:51.017+09:00  INFO 5228 --- [ch06] [http-nio-8080-exec-8] kr.co.ch06.Controller.User2Controller    : list
2025-03-14T12:08:51.140+09:00  INFO 5228 --- [ch06] [http-nio-8080-exec-9] kr.co.ch06.Controller.User2Controller    : uid: abc123
2025-03-14T12:08:51.145+09:00  INFO 5228 --- [ch06] [http-nio-8080-exec-10] kr.co.ch06.Controller.User2Controller    : list
2025-03-14T12:08:51.426+09:00  INFO 5228 --- [ch06] [http-nio-8080-exec-1] kr.co.ch06.Controller.User2Controller    : uid: abc123
2025-03-14T12:08:51.431+09:00  INFO 5228 --- [ch06] [http-nio-8080-exec-2] kr.co.ch06.Controller.User2Controller    : list
2025-03-14T12:08:51.556+09:00  INFO 5228 --- [ch06] [http-nio-8080-exec-3] kr.co.ch06.Controller.User2Controller    : uid: abc123
2025-03-14T12:08:51.560+09:00  INFO 5228 --- [ch06] [http-nio-8080-exec-5] kr.co.ch06.Controller.User2Controller    : list
2025-03-14T12:08:51.690+09:00  INFO 5228 --- [ch06] [http-nio-8080-exec-6] kr.co.ch06.Controller.User2Controller    : uid: abc123
2025-03-14T12:08:51.694+09:00  INFO 5228 --- [ch06] [http-nio-8080-exec-4] kr.co.ch06.Controller.User2Controller    : list
2025-03-14T12:08:51.836+09:00  INFO 5228 --- [ch06] [http-nio-8080-exec-7] kr.co.ch06.Controller.User2Controller    : uid: abc123
2025-03-14T12:08:51.841+09:00  INFO 5228 --- [ch06] [http-nio-8080-exec-8] kr.co.ch06.Controller.User2Controller    : list
2025-03-14T12:08:51.979+09:00  INFO 5228 --- [ch06] [http-nio-8080-exec-9] kr.co.ch06.Controller.User2Controller    : uid: abc123
2025-03-14T12:08:51.985+09:00  INFO 5228 --- [ch06] [http-nio-8080-exec-10] kr.co.ch06.Controller.User2Controller    : list
2025-03-14T12:08:56.183+09:00  INFO 5228 --- [ch06] [http-nio-8080-exec-1] kr.co.ch06.Controller.User2Controller    : uid: abc123
2025-03-14T12:08:56.188+09:00  INFO 5228 --- [ch06] [http-nio-8080-exec-2] kr.co.ch06.Controller.User2Controller    : list
2025-03-14T12:08:56.510+09:00  INFO 5228 --- [ch06] [http-nio-8080-exec-3] kr.co.ch06.Controller.User2Controller    : uid: abc123
2025-03-14T12:08:56.516+09:00  INFO 5228 --- [ch06] [http-nio-8080-exec-5] kr.co.ch06.Controller.User2Controller    : list
2025-03-14T12:08:56.670+09:00  INFO 5228 --- [ch06] [http-nio-8080-exec-6] kr.co.ch06.Controller.User2Controller    : uid: abc123
2025-03-14T12:08:56.674+09:00  INFO 5228 --- [ch06] [http-nio-8080-exec-4] kr.co.ch06.Controller.User2Controller    : list
2025-03-14T12:08:56.951+09:00  INFO 5228 --- [ch06] [http-nio-8080-exec-7] kr.co.ch06.Controller.User2Controller    : uid: abc123
2025-03-14T12:08:56.956+09:00  INFO 5228 --- [ch06] [http-nio-8080-exec-8] kr.co.ch06.Controller.User2Controller    : list
2025-03-14T12:08:57.085+09:00  INFO 5228 --- [ch06] [http-nio-8080-exec-9] kr.co.ch06.Controller.User2Controller    : uid: abc123
2025-03-14T12:08:57.090+09:00  INFO 5228 --- [ch06] [http-nio-8080-exec-10] kr.co.ch06.Controller.User2Controller    : list
2025-03-14T12:08:57.211+09:00  INFO 5228 --- [ch06] [http-nio-8080-exec-1] kr.co.ch06.Controller.User2Controller    : uid: abc123
2025-03-14T12:08:57.218+09:00  INFO 5228 --- [ch06] [http-nio-8080-exec-2] kr.co.ch06.Controller.User2Controller    : list
2025-03-14T12:08:57.355+09:00  INFO 5228 --- [ch06] [http-nio-8080-exec-3] kr.co.ch06.Controller.User2Controller    : uid: abc123
2025-03-14T12:08:57.359+09:00  INFO 5228 --- [ch06] [http-nio-8080-exec-5] kr.co.ch06.Controller.User2Controller    : list
2025-03-14T12:11:04.598+09:00  INFO 5228 --- [ch06] [http-nio-8080-exec-7] kr.co.ch06.Controller.User2Controller    : list
2025-03-14T12:11:04.853+09:00  INFO 5228 --- [ch06] [http-nio-8080-exec-8] kr.co.ch06.Controller.User2Controller    : list
2025-03-14T12:11:05.023+09:00  INFO 5228 --- [ch06] [http-nio-8080-exec-9] kr.co.ch06.Controller.User2Controller    : list
2025-03-14T12:11:05.778+09:00  INFO 5228 --- [ch06] [http-nio-8080-exec-10] kr.co.ch06.Controller.User2Controller    : uid: abc123
2025-03-14T12:11:05.783+09:00  INFO 5228 --- [ch06] [http-nio-8080-exec-1] kr.co.ch06.Controller.User2Controller    : list
2025-03-14T12:11:06.086+09:00  INFO 5228 --- [ch06] [File Watcher] rtingClassPathChangeChangedEventListener : Restarting due to 2 class path changes (0 additions, 2 deletions, 0 modifications)
2025-03-14T12:11:06.089+09:00  INFO 5228 --- [ch06] [Thread-5] o.s.b.w.e.tomcat.GracefulShutdown        : Commencing graceful shutdown. Waiting for active requests to complete
2025-03-14T12:11:06.148+09:00  INFO 5228 --- [ch06] [tomcat-shutdown] o.s.b.w.e.tomcat.GracefulShutdown        : Graceful shutdown complete
2025-03-14T12:11:06.151+09:00  INFO 5228 --- [ch06] [Thread-5] com.zaxxer.hikari.HikariDataSource       : HikariPool-1 - Shutdown initiated...
2025-03-14T12:11:06.156+09:00  INFO 5228 --- [ch06] [Thread-5] com.zaxxer.hikari.HikariDataSource       : HikariPool-1 - Shutdown completed.
2025-03-14T12:11:06.214+09:00  INFO 5228 --- [ch06] [restartedMain] kr.co.ch06.Ch06Application               : Starting Ch06Application using Java 17.0.12 with PID 5228 (C:\Users\lotte6\Desktop\Workspace\Spring\ch06\build\classes\java\main started by lotte6 in C:\Users\lotte6\Desktop\Workspace\Spring\ch06)
2025-03-14T12:11:06.215+09:00  INFO 5228 --- [ch06] [restartedMain] kr.co.ch06.Ch06Application               : No active profile set, falling back to 1 default profile: "default"
2025-03-14T12:11:06.421+09:00  INFO 5228 --- [ch06] [restartedMain] o.s.b.w.embedded.tomcat.TomcatWebServer  : Tomcat initialized with port 8080 (http)
2025-03-14T12:11:06.421+09:00  INFO 5228 --- [ch06] [restartedMain] o.apache.catalina.core.StandardService   : Starting service [Tomcat]
2025-03-14T12:11:06.421+09:00  INFO 5228 --- [ch06] [restartedMain] o.apache.catalina.core.StandardEngine    : Starting Servlet engine: [Apache Tomcat/10.1.36]
2025-03-14T12:11:06.433+09:00  INFO 5228 --- [ch06] [restartedMain] o.a.c.c.C.[Tomcat].[localhost].[/ch06]   : Initializing Spring embedded WebApplicationContext
2025-03-14T12:11:06.433+09:00  INFO 5228 --- [ch06] [restartedMain] w.s.c.ServletWebServerApplicationContext : Root WebApplicationContext: initialization completed in 217 ms
2025-03-14T12:11:06.479+09:00  INFO 5228 --- [ch06] [restartedMain] o.s.b.a.w.s.WelcomePageHandlerMapping    : Adding welcome page template: index
2025-03-14T12:11:06.526+09:00  INFO 5228 --- [ch06] [restartedMain] o.s.b.d.a.OptionalLiveReloadServer       : LiveReload server is running on port 35729
2025-03-14T12:11:06.533+09:00  INFO 5228 --- [ch06] [restartedMain] o.s.b.w.embedded.tomcat.TomcatWebServer  : Tomcat started on port 8080 (http) with context path '/ch06'
2025-03-14T12:11:06.537+09:00  INFO 5228 --- [ch06] [restartedMain] kr.co.ch06.Ch06Application               : Started Ch06Application in 0.344 seconds (process running for 300.476)
2025-03-14T12:11:06.538+09:00  INFO 5228 --- [ch06] [restartedMain] .ConditionEvaluationDeltaLoggingListener : Condition evaluation unchanged
2025-03-14T12:11:06.782+09:00  INFO 5228 --- [ch06] [http-nio-8080-exec-1] o.a.c.c.C.[Tomcat].[localhost].[/ch06]   : Initializing Spring DispatcherServlet 'dispatcherServlet'
2025-03-14T12:11:06.782+09:00  INFO 5228 --- [ch06] [http-nio-8080-exec-1] o.s.web.servlet.DispatcherServlet        : Initializing Servlet 'dispatcherServlet'
2025-03-14T12:11:06.783+09:00  INFO 5228 --- [ch06] [http-nio-8080-exec-1] o.s.web.servlet.DispatcherServlet        : Completed initialization in 0 ms
2025-03-14T12:11:06.784+09:00  INFO 5228 --- [ch06] [http-nio-8080-exec-1] kr.co.ch06.Controller.User2Controller    : uid: abc123
2025-03-14T12:11:06.784+09:00  INFO 5228 --- [ch06] [http-nio-8080-exec-1] com.zaxxer.hikari.HikariDataSource       : HikariPool-2 - Starting...
2025-03-14T12:11:06.794+09:00  INFO 5228 --- [ch06] [http-nio-8080-exec-1] com.zaxxer.hikari.pool.HikariPool        : HikariPool-2 - Added connection com.mysql.cj.jdbc.ConnectionImpl@68632fc3
2025-03-14T12:11:06.795+09:00  INFO 5228 --- [ch06] [http-nio-8080-exec-1] com.zaxxer.hikari.HikariDataSource       : HikariPool-2 - Start completed.
2025-03-14T12:11:06.803+09:00  INFO 5228 --- [ch06] [http-nio-8080-exec-2] kr.co.ch06.Controller.User2Controller    : list
2025-03-14T12:11:07.966+09:00  INFO 5228 --- [ch06] [File Watcher] rtingClassPathChangeChangedEventListener : Restarting due to 2 class path changes (2 additions, 0 deletions, 0 modifications)
2025-03-14T12:11:07.967+09:00  INFO 5228 --- [ch06] [Thread-7] o.s.b.w.e.tomcat.GracefulShutdown        : Commencing graceful shutdown. Waiting for active requests to complete
2025-03-14T12:11:08.029+09:00  INFO 5228 --- [ch06] [tomcat-shutdown] o.s.b.w.e.tomcat.GracefulShutdown        : Graceful shutdown complete
2025-03-14T12:11:08.031+09:00  INFO 5228 --- [ch06] [Thread-7] com.zaxxer.hikari.HikariDataSource       : HikariPool-2 - Shutdown initiated...
2025-03-14T12:11:08.035+09:00  INFO 5228 --- [ch06] [Thread-7] com.zaxxer.hikari.HikariDataSource       : HikariPool-2 - Shutdown completed.
2025-03-14T12:11:08.110+09:00  INFO 5228 --- [ch06] [restartedMain] kr.co.ch06.Ch06Application               : Starting Ch06Application using Java 17.0.12 with PID 5228 (C:\Users\lotte6\Desktop\Workspace\Spring\ch06\build\classes\java\main started by lotte6 in C:\Users\lotte6\Desktop\Workspace\Spring\ch06)
2025-03-14T12:11:08.110+09:00  INFO 5228 --- [ch06] [restartedMain] kr.co.ch06.Ch06Application               : No active profile set, falling back to 1 default profile: "default"
2025-03-14T12:11:08.296+09:00  INFO 5228 --- [ch06] [restartedMain] o.s.b.w.embedded.tomcat.TomcatWebServer  : Tomcat initialized with port 8080 (http)
2025-03-14T12:11:08.297+09:00  INFO 5228 --- [ch06] [restartedMain] o.apache.catalina.core.StandardService   : Starting service [Tomcat]
2025-03-14T12:11:08.297+09:00  INFO 5228 --- [ch06] [restartedMain] o.apache.catalina.core.StandardEngine    : Starting Servlet engine: [Apache Tomcat/10.1.36]
2025-03-14T12:11:08.308+09:00  INFO 5228 --- [ch06] [restartedMain] o.a.c.c.C.[Tomcat].[localhost].[/ch06]   : Initializing Spring embedded WebApplicationContext
2025-03-14T12:11:08.308+09:00  INFO 5228 --- [ch06] [restartedMain] w.s.c.ServletWebServerApplicationContext : Root WebApplicationContext: initialization completed in 198 ms
2025-03-14T12:11:08.365+09:00  INFO 5228 --- [ch06] [restartedMain] o.s.b.a.w.s.WelcomePageHandlerMapping    : Adding welcome page template: index
2025-03-14T12:11:08.411+09:00  INFO 5228 --- [ch06] [restartedMain] o.s.b.d.a.OptionalLiveReloadServer       : LiveReload server is running on port 35729
2025-03-14T12:11:08.418+09:00  INFO 5228 --- [ch06] [restartedMain] o.s.b.w.embedded.tomcat.TomcatWebServer  : Tomcat started on port 8080 (http) with context path '/ch06'
2025-03-14T12:11:08.421+09:00  INFO 5228 --- [ch06] [restartedMain] kr.co.ch06.Ch06Application               : Started Ch06Application in 0.331 seconds (process running for 302.359)
2025-03-14T12:11:08.421+09:00  INFO 5228 --- [ch06] [restartedMain] .ConditionEvaluationDeltaLoggingListener : Condition evaluation unchanged
2025-03-14T12:11:10.484+09:00  INFO 5228 --- [ch06] [SpringApplicationShutdownHook] o.s.b.w.e.tomcat.GracefulShutdown        : Commencing graceful shutdown. Waiting for active requests to complete
2025-03-14T12:11:10.546+09:00  INFO 5228 --- [ch06] [tomcat-shutdown] o.s.b.w.e.tomcat.GracefulShutdown        : Graceful shutdown complete
2025-03-14T12:11:12.593+09:00  INFO 8700 --- [ch06] [restartedMain] kr.co.ch06.Ch06Application               : Starting Ch06Application using Java 17.0.12 with PID 8700 (C:\Users\lotte6\Desktop\Workspace\Spring\ch06\build\classes\java\main started by lotte6 in C:\Users\lotte6\Desktop\Workspace\Spring\ch06)
2025-03-14T12:11:12.595+09:00  INFO 8700 --- [ch06] [restartedMain] kr.co.ch06.Ch06Application               : No active profile set, falling back to 1 default profile: "default"
2025-03-14T12:11:12.628+09:00  INFO 8700 --- [ch06] [restartedMain] .e.DevToolsPropertyDefaultsPostProcessor : Devtools property defaults active! Set 'spring.devtools.add-properties' to 'false' to disable
2025-03-14T12:11:12.628+09:00  INFO 8700 --- [ch06] [restartedMain] .e.DevToolsPropertyDefaultsPostProcessor : For additional web related logging consider setting the 'logging.level.web' property to 'DEBUG'
2025-03-14T12:11:13.417+09:00  INFO 8700 --- [ch06] [restartedMain] o.s.b.w.embedded.tomcat.TomcatWebServer  : Tomcat initialized with port 8080 (http)
2025-03-14T12:11:13.427+09:00  INFO 8700 --- [ch06] [restartedMain] o.apache.catalina.core.StandardService   : Starting service [Tomcat]
2025-03-14T12:11:13.427+09:00  INFO 8700 --- [ch06] [restartedMain] o.apache.catalina.core.StandardEngine    : Starting Servlet engine: [Apache Tomcat/10.1.36]
2025-03-14T12:11:13.461+09:00  INFO 8700 --- [ch06] [restartedMain] o.a.c.c.C.[Tomcat].[localhost].[/ch06]   : Initializing Spring embedded WebApplicationContext
2025-03-14T12:11:13.461+09:00  INFO 8700 --- [ch06] [restartedMain] w.s.c.ServletWebServerApplicationContext : Root WebApplicationContext: initialization completed in 832 ms
2025-03-14T12:11:13.695+09:00  INFO 8700 --- [ch06] [restartedMain] o.s.b.a.w.s.WelcomePageHandlerMapping    : Adding welcome page template: index
2025-03-14T12:11:13.922+09:00  INFO 8700 --- [ch06] [restartedMain] o.s.b.d.a.OptionalLiveReloadServer       : LiveReload server is running on port 35729
2025-03-14T12:11:13.946+09:00  INFO 8700 --- [ch06] [restartedMain] o.s.b.w.embedded.tomcat.TomcatWebServer  : Tomcat started on port 8080 (http) with context path '/ch06'
2025-03-14T12:11:13.953+09:00  INFO 8700 --- [ch06] [restartedMain] kr.co.ch06.Ch06Application               : Started Ch06Application in 1.69 seconds (process running for 2.184)
2025-03-14T12:11:14.182+09:00  INFO 8700 --- [ch06] [http-nio-8080-exec-1] o.a.c.c.C.[Tomcat].[localhost].[/ch06]   : Initializing Spring DispatcherServlet 'dispatcherServlet'
2025-03-14T12:11:14.182+09:00  INFO 8700 --- [ch06] [http-nio-8080-exec-1] o.s.web.servlet.DispatcherServlet        : Initializing Servlet 'dispatcherServlet'
2025-03-14T12:11:14.183+09:00  INFO 8700 --- [ch06] [http-nio-8080-exec-1] o.s.web.servlet.DispatcherServlet        : Completed initialization in 1 ms
2025-03-14T12:11:23.682+09:00  INFO 8700 --- [ch06] [http-nio-8080-exec-6] kr.co.ch06.Controller.User2Controller    : list
2025-03-14T12:11:23.696+09:00  INFO 8700 --- [ch06] [http-nio-8080-exec-6] com.zaxxer.hikari.HikariDataSource       : HikariPool-1 - Starting...
2025-03-14T12:11:23.914+09:00  INFO 8700 --- [ch06] [http-nio-8080-exec-6] com.zaxxer.hikari.pool.HikariPool        : HikariPool-1 - Added connection com.mysql.cj.jdbc.ConnectionImpl@49112d5
2025-03-14T12:11:23.915+09:00  INFO 8700 --- [ch06] [http-nio-8080-exec-6] com.zaxxer.hikari.HikariDataSource       : HikariPool-1 - Start completed.
2025-03-14T12:11:24.751+09:00  INFO 8700 --- [ch06] [http-nio-8080-exec-8] kr.co.ch06.Controller.User2Controller    : uid: a195
2025-03-14T12:11:24.762+09:00  INFO 8700 --- [ch06] [http-nio-8080-exec-5] kr.co.ch06.Controller.User2Controller    : list
2025-03-14T12:12:07.194+09:00  INFO 8700 --- [ch06] [File Watcher] rtingClassPathChangeChangedEventListener : Restarting due to 20 class path changes (3 additions, 0 deletions, 17 modifications)
2025-03-14T12:12:07.197+09:00  INFO 8700 --- [ch06] [Thread-5] o.s.b.w.e.tomcat.GracefulShutdown        : Commencing graceful shutdown. Waiting for active requests to complete
2025-03-14T12:12:07.265+09:00  INFO 8700 --- [ch06] [tomcat-shutdown] o.s.b.w.e.tomcat.GracefulShutdown        : Graceful shutdown complete
2025-03-14T12:12:07.268+09:00  INFO 8700 --- [ch06] [Thread-5] com.zaxxer.hikari.HikariDataSource       : HikariPool-1 - Shutdown initiated...
2025-03-14T12:12:07.274+09:00  INFO 8700 --- [ch06] [Thread-5] com.zaxxer.hikari.HikariDataSource       : HikariPool-1 - Shutdown completed.
2025-03-14T12:12:07.330+09:00  INFO 8700 --- [ch06] [restartedMain] kr.co.ch06.Ch06Application               : Starting Ch06Application using Java 17.0.12 with PID 8700 (C:\Users\lotte6\Desktop\Workspace\Spring\ch06\build\classes\java\main started by lotte6 in C:\Users\lotte6\Desktop\Workspace\Spring\ch06)
2025-03-14T12:12:07.330+09:00  INFO 8700 --- [ch06] [restartedMain] kr.co.ch06.Ch06Application               : No active profile set, falling back to 1 default profile: "default"
2025-03-14T12:12:07.529+09:00  INFO 8700 --- [ch06] [restartedMain] o.s.b.w.embedded.tomcat.TomcatWebServer  : Tomcat initialized with port 8080 (http)
2025-03-14T12:12:07.529+09:00  INFO 8700 --- [ch06] [restartedMain] o.apache.catalina.core.StandardService   : Starting service [Tomcat]
2025-03-14T12:12:07.529+09:00  INFO 8700 --- [ch06] [restartedMain] o.apache.catalina.core.StandardEngine    : Starting Servlet engine: [Apache Tomcat/10.1.36]
2025-03-14T12:12:07.541+09:00  INFO 8700 --- [ch06] [restartedMain] o.a.c.c.C.[Tomcat].[localhost].[/ch06]   : Initializing Spring embedded WebApplicationContext
2025-03-14T12:12:07.541+09:00  INFO 8700 --- [ch06] [restartedMain] w.s.c.ServletWebServerApplicationContext : Root WebApplicationContext: initialization completed in 209 ms
2025-03-14T12:12:07.587+09:00  INFO 8700 --- [ch06] [restartedMain] o.s.b.a.w.s.WelcomePageHandlerMapping    : Adding welcome page template: index
2025-03-14T12:12:07.634+09:00  INFO 8700 --- [ch06] [restartedMain] o.s.b.d.a.OptionalLiveReloadServer       : LiveReload server is running on port 35729
2025-03-14T12:12:07.642+09:00  INFO 8700 --- [ch06] [restartedMain] o.s.b.w.embedded.tomcat.TomcatWebServer  : Tomcat started on port 8080 (http) with context path '/ch06'
2025-03-14T12:12:07.645+09:00  INFO 8700 --- [ch06] [restartedMain] kr.co.ch06.Ch06Application               : Started Ch06Application in 0.335 seconds (process running for 55.876)
2025-03-14T12:12:07.647+09:00  INFO 8700 --- [ch06] [restartedMain] .ConditionEvaluationDeltaLoggingListener : Condition evaluation unchanged
2025-03-14T12:13:47.814+09:00  INFO 8700 --- [ch06] [File Watcher] rtingClassPathChangeChangedEventListener : Restarting due to 20 class path changes (0 additions, 0 deletions, 20 modifications)
2025-03-14T12:13:47.815+09:00  INFO 8700 --- [ch06] [Thread-7] o.s.b.w.e.tomcat.GracefulShutdown        : Commencing graceful shutdown. Waiting for active requests to complete
2025-03-14T12:13:47.874+09:00  INFO 8700 --- [ch06] [tomcat-shutdown] o.s.b.w.e.tomcat.GracefulShutdown        : Graceful shutdown complete
2025-03-14T12:13:47.937+09:00  INFO 8700 --- [ch06] [restartedMain] kr.co.ch06.Ch06Application               : Starting Ch06Application using Java 17.0.12 with PID 8700 (C:\Users\lotte6\Desktop\Workspace\Spring\ch06\build\classes\java\main started by lotte6 in C:\Users\lotte6\Desktop\Workspace\Spring\ch06)
2025-03-14T12:13:47.937+09:00  INFO 8700 --- [ch06] [restartedMain] kr.co.ch06.Ch06Application               : No active profile set, falling back to 1 default profile: "default"
2025-03-14T12:13:48.115+09:00  INFO 8700 --- [ch06] [restartedMain] o.s.b.w.embedded.tomcat.TomcatWebServer  : Tomcat initialized with port 8080 (http)
2025-03-14T12:13:48.115+09:00  INFO 8700 --- [ch06] [restartedMain] o.apache.catalina.core.StandardService   : Starting service [Tomcat]
2025-03-14T12:13:48.115+09:00  INFO 8700 --- [ch06] [restartedMain] o.apache.catalina.core.StandardEngine    : Starting Servlet engine: [Apache Tomcat/10.1.36]
2025-03-14T12:13:48.129+09:00  INFO 8700 --- [ch06] [restartedMain] o.a.c.c.C.[Tomcat].[localhost].[/ch06]   : Initializing Spring embedded WebApplicationContext
2025-03-14T12:13:48.129+09:00  INFO 8700 --- [ch06] [restartedMain] w.s.c.ServletWebServerApplicationContext : Root WebApplicationContext: initialization completed in 191 ms
2025-03-14T12:13:48.168+09:00  INFO 8700 --- [ch06] [restartedMain] o.s.b.a.w.s.WelcomePageHandlerMapping    : Adding welcome page template: index
2025-03-14T12:13:48.209+09:00  INFO 8700 --- [ch06] [restartedMain] o.s.b.d.a.OptionalLiveReloadServer       : LiveReload server is running on port 35729
2025-03-14T12:13:48.216+09:00  INFO 8700 --- [ch06] [restartedMain] o.s.b.w.embedded.tomcat.TomcatWebServer  : Tomcat started on port 8080 (http) with context path '/ch06'
2025-03-14T12:13:48.219+09:00  INFO 8700 --- [ch06] [restartedMain] kr.co.ch06.Ch06Application               : Started Ch06Application in 0.301 seconds (process running for 156.448)
2025-03-14T12:13:48.219+09:00  INFO 8700 --- [ch06] [restartedMain] .ConditionEvaluationDeltaLoggingListener : Condition evaluation unchanged
2025-03-14T12:17:44.949+09:00  INFO 8700 --- [ch06] [File Watcher] rtingClassPathChangeChangedEventListener : Restarting due to 21 class path changes (1 addition, 0 deletions, 20 modifications)
2025-03-14T12:17:44.950+09:00  INFO 8700 --- [ch06] [Thread-11] o.s.b.w.e.tomcat.GracefulShutdown        : Commencing graceful shutdown. Waiting for active requests to complete
2025-03-14T12:17:45.037+09:00  INFO 8700 --- [ch06] [tomcat-shutdown] o.s.b.w.e.tomcat.GracefulShutdown        : Graceful shutdown complete
2025-03-14T12:17:45.131+09:00  INFO 8700 --- [ch06] [restartedMain] kr.co.ch06.Ch06Application               : Starting Ch06Application using Java 17.0.12 with PID 8700 (C:\Users\lotte6\Desktop\Workspace\Spring\ch06\build\classes\java\main started by lotte6 in C:\Users\lotte6\Desktop\Workspace\Spring\ch06)
2025-03-14T12:17:45.131+09:00  INFO 8700 --- [ch06] [restartedMain] kr.co.ch06.Ch06Application               : No active profile set, falling back to 1 default profile: "default"
2025-03-14T12:17:45.513+09:00  INFO 8700 --- [ch06] [restartedMain] o.s.b.w.embedded.tomcat.TomcatWebServer  : Tomcat initialized with port 8080 (http)
2025-03-14T12:17:45.515+09:00  INFO 8700 --- [ch06] [restartedMain] o.apache.catalina.core.StandardService   : Starting service [Tomcat]
2025-03-14T12:17:45.515+09:00  INFO 8700 --- [ch06] [restartedMain] o.apache.catalina.core.StandardEngine    : Starting Servlet engine: [Apache Tomcat/10.1.36]
2025-03-14T12:17:45.541+09:00  INFO 8700 --- [ch06] [restartedMain] o.a.c.c.C.[Tomcat].[localhost].[/ch06]   : Initializing Spring embedded WebApplicationContext
2025-03-14T12:17:45.541+09:00  INFO 8700 --- [ch06] [restartedMain] w.s.c.ServletWebServerApplicationContext : Root WebApplicationContext: initialization completed in 407 ms
2025-03-14T12:17:45.614+09:00  WARN 8700 --- [ch06] [restartedMain] ConfigServletWebServerApplicationContext : Exception encountered during context initialization - cancelling refresh attempt: org.springframework.beans.factory.UnsatisfiedDependencyException: Error creating bean with name 'user1Controller' defined in file [C:\Users\lotte6\Desktop\Workspace\Spring\ch06\build\classes\java\main\kr\co\ch06\Controller\User1Controller.class]: Unsatisfied dependency expressed through constructor parameter 0: Error creating bean with name 'user1Service' defined in file [C:\Users\lotte6\Desktop\Workspace\Spring\ch06\build\classes\java\main\kr\co\ch06\service\User1Service.class]: Unsatisfied dependency expressed through constructor parameter 0: Error creating bean with name 'user1Mapper' defined in file [C:\Users\lotte6\Desktop\Workspace\Spring\ch06\build\classes\java\main\kr\co\ch06\dao\User1Mapper.class]: Cannot resolve reference to bean 'sqlSessionTemplate' while setting bean property 'sqlSessionTemplate'
2025-03-14T12:17:45.615+09:00  INFO 8700 --- [ch06] [restartedMain] o.apache.catalina.core.StandardService   : Stopping service [Tomcat]
2025-03-14T12:17:45.622+09:00  INFO 8700 --- [ch06] [restartedMain] .s.b.a.l.ConditionEvaluationReportLogger : 

Error starting ApplicationContext. To display the condition evaluation report re-run your application with 'debug' enabled.
2025-03-14T12:17:45.645+09:00 ERROR 8700 --- [ch06] [restartedMain] o.s.boot.SpringApplication               : Application run failed

org.springframework.beans.factory.UnsatisfiedDependencyException: Error creating bean with name 'user1Controller' defined in file [C:\Users\lotte6\Desktop\Workspace\Spring\ch06\build\classes\java\main\kr\co\ch06\Controller\User1Controller.class]: Unsatisfied dependency expressed through constructor parameter 0: Error creating bean with name 'user1Service' defined in file [C:\Users\lotte6\Desktop\Workspace\Spring\ch06\build\classes\java\main\kr\co\ch06\service\User1Service.class]: Unsatisfied dependency expressed through constructor parameter 0: Error creating bean with name 'user1Mapper' defined in file [C:\Users\lotte6\Desktop\Workspace\Spring\ch06\build\classes\java\main\kr\co\ch06\dao\User1Mapper.class]: Cannot resolve reference to bean 'sqlSessionTemplate' while setting bean property 'sqlSessionTemplate'
	at org.springframework.beans.factory.support.ConstructorResolver.createArgumentArray(ConstructorResolver.java:804) ~[spring-beans-6.2.3.jar:6.2.3]
	at org.springframework.beans.factory.support.ConstructorResolver.autowireConstructor(ConstructorResolver.java:240) ~[spring-beans-6.2.3.jar:6.2.3]
	at org.springframework.beans.factory.support.AbstractAutowireCapableBeanFactory.autowireConstructor(AbstractAutowireCapableBeanFactory.java:1381) ~[spring-beans-6.2.3.jar:6.2.3]
	at org.springframework.beans.factory.support.AbstractAutowireCapableBeanFactory.createBeanInstance(AbstractAutowireCapableBeanFactory.java:1218) ~[spring-beans-6.2.3.jar:6.2.3]
	at org.springframework.beans.factory.support.AbstractAutowireCapableBeanFactory.doCreateBean(AbstractAutowireCapableBeanFactory.java:563) ~[spring-beans-6.2.3.jar:6.2.3]
	at org.springframework.beans.factory.support.AbstractAutowireCapableBeanFactory.createBean(AbstractAutowireCapableBeanFactory.java:523) ~[spring-beans-6.2.3.jar:6.2.3]
	at org.springframework.beans.factory.support.AbstractBeanFactory.lambda$doGetBean$0(AbstractBeanFactory.java:339) ~[spring-beans-6.2.3.jar:6.2.3]
	at org.springframework.beans.factory.support.DefaultSingletonBeanRegistry.getSingleton(DefaultSingletonBeanRegistry.java:346) ~[spring-beans-6.2.3.jar:6.2.3]
	at org.springframework.beans.factory.support.AbstractBeanFactory.doGetBean(AbstractBeanFactory.java:337) ~[spring-beans-6.2.3.jar:6.2.3]
	at org.springframework.beans.factory.support.AbstractBeanFactory.getBean(AbstractBeanFactory.java:202) ~[spring-beans-6.2.3.jar:6.2.3]
	at org.springframework.beans.factory.support.DefaultListableBeanFactory.instantiateSingleton(DefaultListableBeanFactory.java:1155) ~[spring-beans-6.2.3.jar:6.2.3]
	at org.springframework.beans.factory.support.DefaultListableBeanFactory.preInstantiateSingleton(DefaultListableBeanFactory.java:1121) ~[spring-beans-6.2.3.jar:6.2.3]
	at org.springframework.beans.factory.support.DefaultListableBeanFactory.preInstantiateSingletons(DefaultListableBeanFactory.java:1056) ~[spring-beans-6.2.3.jar:6.2.3]
	at org.springframework.context.support.AbstractApplicationContext.finishBeanFactoryInitialization(AbstractApplicationContext.java:987) ~[spring-context-6.2.3.jar:6.2.3]
	at org.springframework.context.support.AbstractApplicationContext.refresh(AbstractApplicationContext.java:627) ~[spring-context-6.2.3.jar:6.2.3]
	at org.springframework.boot.web.servlet.context.ServletWebServerApplicationContext.refresh(ServletWebServerApplicationContext.java:146) ~[spring-boot-3.4.3.jar:3.4.3]
	at org.springframework.boot.SpringApplication.refresh(SpringApplication.java:752) ~[spring-boot-3.4.3.jar:3.4.3]
	at org.springframework.boot.SpringApplication.refreshContext(SpringApplication.java:439) ~[spring-boot-3.4.3.jar:3.4.3]
	at org.springframework.boot.SpringApplication.run(SpringApplication.java:318) ~[spring-boot-3.4.3.jar:3.4.3]
	at org.springframework.boot.SpringApplication.run(SpringApplication.java:1361) ~[spring-boot-3.4.3.jar:3.4.3]
	at org.springframework.boot.SpringApplication.run(SpringApplication.java:1350) ~[spring-boot-3.4.3.jar:3.4.3]
	at kr.co.ch06.Ch06Application.main(Ch06Application.java:10) ~[main/:na]
	at java.base/jdk.internal.reflect.NativeMethodAccessorImpl.invoke0(Native Method) ~[na:na]
	at java.base/jdk.internal.reflect.NativeMethodAccessorImpl.invoke(NativeMethodAccessorImpl.java:77) ~[na:na]
	at java.base/jdk.internal.reflect.DelegatingMethodAccessorImpl.invoke(DelegatingMethodAccessorImpl.java:43) ~[na:na]
	at java.base/java.lang.reflect.Method.invoke(Method.java:568) ~[na:na]
	at org.springframework.boot.devtools.restart.RestartLauncher.run(RestartLauncher.java:50) ~[spring-boot-devtools-3.4.3.jar:3.4.3]
Caused by: org.springframework.beans.factory.UnsatisfiedDependencyException: Error creating bean with name 'user1Service' defined in file [C:\Users\lotte6\Desktop\Workspace\Spring\ch06\build\classes\java\main\kr\co\ch06\service\User1Service.class]: Unsatisfied dependency expressed through constructor parameter 0: Error creating bean with name 'user1Mapper' defined in file [C:\Users\lotte6\Desktop\Workspace\Spring\ch06\build\classes\java\main\kr\co\ch06\dao\User1Mapper.class]: Cannot resolve reference to bean 'sqlSessionTemplate' while setting bean property 'sqlSessionTemplate'
	at org.springframework.beans.factory.support.ConstructorResolver.createArgumentArray(ConstructorResolver.java:804) ~[spring-beans-6.2.3.jar:6.2.3]
	at org.springframework.beans.factory.support.ConstructorResolver.autowireConstructor(ConstructorResolver.java:240) ~[spring-beans-6.2.3.jar:6.2.3]
	at org.springframework.beans.factory.support.AbstractAutowireCapableBeanFactory.autowireConstructor(AbstractAutowireCapableBeanFactory.java:1381) ~[spring-beans-6.2.3.jar:6.2.3]
	at org.springframework.beans.factory.support.AbstractAutowireCapableBeanFactory.createBeanInstance(AbstractAutowireCapableBeanFactory.java:1218) ~[spring-beans-6.2.3.jar:6.2.3]
	at org.springframework.beans.factory.support.AbstractAutowireCapableBeanFactory.doCreateBean(AbstractAutowireCapableBeanFactory.java:563) ~[spring-beans-6.2.3.jar:6.2.3]
	at org.springframework.beans.factory.support.AbstractAutowireCapableBeanFactory.createBean(AbstractAutowireCapableBeanFactory.java:523) ~[spring-beans-6.2.3.jar:6.2.3]
	at org.springframework.beans.factory.support.AbstractBeanFactory.lambda$doGetBean$0(AbstractBeanFactory.java:339) ~[spring-beans-6.2.3.jar:6.2.3]
	at org.springframework.beans.factory.support.DefaultSingletonBeanRegistry.getSingleton(DefaultSingletonBeanRegistry.java:346) ~[spring-beans-6.2.3.jar:6.2.3]
	at org.springframework.beans.factory.support.AbstractBeanFactory.doGetBean(AbstractBeanFactory.java:337) ~[spring-beans-6.2.3.jar:6.2.3]
	at org.springframework.beans.factory.support.AbstractBeanFactory.getBean(AbstractBeanFactory.java:202) ~[spring-beans-6.2.3.jar:6.2.3]
	at org.springframework.beans.factory.support.DefaultListableBeanFactory.doResolveDependency(DefaultListableBeanFactory.java:1606) ~[spring-beans-6.2.3.jar:6.2.3]
	at org.springframework.beans.factory.support.DefaultListableBeanFactory.resolveDependency(DefaultListableBeanFactory.java:1552) ~[spring-beans-6.2.3.jar:6.2.3]
	at org.springframework.beans.factory.support.ConstructorResolver.resolveAutowiredArgument(ConstructorResolver.java:913) ~[spring-beans-6.2.3.jar:6.2.3]
	at org.springframework.beans.factory.support.ConstructorResolver.createArgumentArray(ConstructorResolver.java:791) ~[spring-beans-6.2.3.jar:6.2.3]
	... 26 common frames omitted
Caused by: org.springframework.beans.factory.BeanCreationException: Error creating bean with name 'user1Mapper' defined in file [C:\Users\lotte6\Desktop\Workspace\Spring\ch06\build\classes\java\main\kr\co\ch06\dao\User1Mapper.class]: Cannot resolve reference to bean 'sqlSessionTemplate' while setting bean property 'sqlSessionTemplate'
	at org.springframework.beans.factory.support.BeanDefinitionValueResolver.resolveReference(BeanDefinitionValueResolver.java:377) ~[spring-beans-6.2.3.jar:6.2.3]
	at org.springframework.beans.factory.support.BeanDefinitionValueResolver.resolveValueIfNecessary(BeanDefinitionValueResolver.java:135) ~[spring-beans-6.2.3.jar:6.2.3]
	at org.springframework.beans.factory.support.AbstractAutowireCapableBeanFactory.applyPropertyValues(AbstractAutowireCapableBeanFactory.java:1711) ~[spring-beans-6.2.3.jar:6.2.3]
	at org.springframework.beans.factory.support.AbstractAutowireCapableBeanFactory.populateBean(AbstractAutowireCapableBeanFactory.java:1460) ~[spring-beans-6.2.3.jar:6.2.3]
	at org.springframework.beans.factory.support.AbstractAutowireCapableBeanFactory.doCreateBean(AbstractAutowireCapableBeanFactory.java:600) ~[spring-beans-6.2.3.jar:6.2.3]
	at org.springframework.beans.factory.support.AbstractAutowireCapableBeanFactory.createBean(AbstractAutowireCapableBeanFactory.java:523) ~[spring-beans-6.2.3.jar:6.2.3]
	at org.springframework.beans.factory.support.AbstractBeanFactory.lambda$doGetBean$0(AbstractBeanFactory.java:339) ~[spring-beans-6.2.3.jar:6.2.3]
	at org.springframework.beans.factory.support.DefaultSingletonBeanRegistry.getSingleton(DefaultSingletonBeanRegistry.java:346) ~[spring-beans-6.2.3.jar:6.2.3]
	at org.springframework.beans.factory.support.AbstractBeanFactory.doGetBean(AbstractBeanFactory.java:337) ~[spring-beans-6.2.3.jar:6.2.3]
	at org.springframework.beans.factory.support.AbstractBeanFactory.getBean(AbstractBeanFactory.java:202) ~[spring-beans-6.2.3.jar:6.2.3]
	at org.springframework.beans.factory.support.DefaultListableBeanFactory.doResolveDependency(DefaultListableBeanFactory.java:1606) ~[spring-beans-6.2.3.jar:6.2.3]
	at org.springframework.beans.factory.support.DefaultListableBeanFactory.resolveDependency(DefaultListableBeanFactory.java:1552) ~[spring-beans-6.2.3.jar:6.2.3]
	at org.springframework.beans.factory.support.ConstructorResolver.resolveAutowiredArgument(ConstructorResolver.java:913) ~[spring-beans-6.2.3.jar:6.2.3]
	at org.springframework.beans.factory.support.ConstructorResolver.createArgumentArray(ConstructorResolver.java:791) ~[spring-beans-6.2.3.jar:6.2.3]
	... 39 common frames omitted
Caused by: org.springframework.beans.factory.UnsatisfiedDependencyException: Error creating bean with name 'sqlSessionTemplate' defined in class path resource [org/mybatis/spring/boot/autoconfigure/MybatisAutoConfiguration.class]: Unsatisfied dependency expressed through method 'sqlSessionTemplate' parameter 0: Error creating bean with name 'sqlSessionFactory' defined in class path resource [org/mybatis/spring/boot/autoconfigure/MybatisAutoConfiguration.class]: Failed to instantiate [org.apache.ibatis.session.SqlSessionFactory]: Factory method 'sqlSessionFactory' threw exception with message: Failed to parse mapping resource: 'file [C:\Users\lotte6\Desktop\Workspace\Spring\ch06\build\resources\main\mappers\user3.xml]'
	at org.springframework.beans.factory.support.ConstructorResolver.createArgumentArray(ConstructorResolver.java:804) ~[spring-beans-6.2.3.jar:6.2.3]
	at org.springframework.beans.factory.support.ConstructorResolver.instantiateUsingFactoryMethod(ConstructorResolver.java:546) ~[spring-beans-6.2.3.jar:6.2.3]
	at org.springframework.beans.factory.support.AbstractAutowireCapableBeanFactory.instantiateUsingFactoryMethod(AbstractAutowireCapableBeanFactory.java:1361) ~[spring-beans-6.2.3.jar:6.2.3]
	at org.springframework.beans.factory.support.AbstractAutowireCapableBeanFactory.createBeanInstance(AbstractAutowireCapableBeanFactory.java:1191) ~[spring-beans-6.2.3.jar:6.2.3]
	at org.springframework.beans.factory.support.AbstractAutowireCapableBeanFactory.doCreateBean(AbstractAutowireCapableBeanFactory.java:563) ~[spring-beans-6.2.3.jar:6.2.3]
	at org.springframework.beans.factory.support.AbstractAutowireCapableBeanFactory.createBean(AbstractAutowireCapableBeanFactory.java:523) ~[spring-beans-6.2.3.jar:6.2.3]
	at org.springframework.beans.factory.support.AbstractBeanFactory.lambda$doGetBean$0(AbstractBeanFactory.java:339) ~[spring-beans-6.2.3.jar:6.2.3]
	at org.springframework.beans.factory.support.DefaultSingletonBeanRegistry.getSingleton(DefaultSingletonBeanRegistry.java:346) ~[spring-beans-6.2.3.jar:6.2.3]
	at org.springframework.beans.factory.support.AbstractBeanFactory.doGetBean(AbstractBeanFactory.java:337) ~[spring-beans-6.2.3.jar:6.2.3]
	at org.springframework.beans.factory.support.AbstractBeanFactory.getBean(AbstractBeanFactory.java:202) ~[spring-beans-6.2.3.jar:6.2.3]
	at org.springframework.beans.factory.support.BeanDefinitionValueResolver.resolveReference(BeanDefinitionValueResolver.java:365) ~[spring-beans-6.2.3.jar:6.2.3]
	... 52 common frames omitted
Caused by: org.springframework.beans.factory.BeanCreationException: Error creating bean with name 'sqlSessionFactory' defined in class path resource [org/mybatis/spring/boot/autoconfigure/MybatisAutoConfiguration.class]: Failed to instantiate [org.apache.ibatis.session.SqlSessionFactory]: Factory method 'sqlSessionFactory' threw exception with message: Failed to parse mapping resource: 'file [C:\Users\lotte6\Desktop\Workspace\Spring\ch06\build\resources\main\mappers\user3.xml]'
	at org.springframework.beans.factory.support.ConstructorResolver.instantiate(ConstructorResolver.java:657) ~[spring-beans-6.2.3.jar:6.2.3]
	at org.springframework.beans.factory.support.ConstructorResolver.instantiateUsingFactoryMethod(ConstructorResolver.java:645) ~[spring-beans-6.2.3.jar:6.2.3]
	at org.springframework.beans.factory.support.AbstractAutowireCapableBeanFactory.instantiateUsingFactoryMethod(AbstractAutowireCapableBeanFactory.java:1361) ~[spring-beans-6.2.3.jar:6.2.3]
	at org.springframework.beans.factory.support.AbstractAutowireCapableBeanFactory.createBeanInstance(AbstractAutowireCapableBeanFactory.java:1191) ~[spring-beans-6.2.3.jar:6.2.3]
	at org.springframework.beans.factory.support.AbstractAutowireCapableBeanFactory.doCreateBean(AbstractAutowireCapableBeanFactory.java:563) ~[spring-beans-6.2.3.jar:6.2.3]
	at org.springframework.beans.factory.support.AbstractAutowireCapableBeanFactory.createBean(AbstractAutowireCapableBeanFactory.java:523) ~[spring-beans-6.2.3.jar:6.2.3]
	at org.springframework.beans.factory.support.AbstractBeanFactory.lambda$doGetBean$0(AbstractBeanFactory.java:339) ~[spring-beans-6.2.3.jar:6.2.3]
	at org.springframework.beans.factory.support.DefaultSingletonBeanRegistry.getSingleton(DefaultSingletonBeanRegistry.java:346) ~[spring-beans-6.2.3.jar:6.2.3]
	at org.springframework.beans.factory.support.AbstractBeanFactory.doGetBean(AbstractBeanFactory.java:337) ~[spring-beans-6.2.3.jar:6.2.3]
	at org.springframework.beans.factory.support.AbstractBeanFactory.getBean(AbstractBeanFactory.java:202) ~[spring-beans-6.2.3.jar:6.2.3]
	at org.springframework.beans.factory.support.DefaultListableBeanFactory.doResolveDependency(DefaultListableBeanFactory.java:1606) ~[spring-beans-6.2.3.jar:6.2.3]
	at org.springframework.beans.factory.support.DefaultListableBeanFactory.resolveDependency(DefaultListableBeanFactory.java:1552) ~[spring-beans-6.2.3.jar:6.2.3]
	at org.springframework.beans.factory.support.ConstructorResolver.resolveAutowiredArgument(ConstructorResolver.java:913) ~[spring-beans-6.2.3.jar:6.2.3]
	at org.springframework.beans.factory.support.ConstructorResolver.createArgumentArray(ConstructorResolver.java:791) ~[spring-beans-6.2.3.jar:6.2.3]
	... 62 common frames omitted
Caused by: org.springframework.beans.BeanInstantiationException: Failed to instantiate [org.apache.ibatis.session.SqlSessionFactory]: Factory method 'sqlSessionFactory' threw exception with message: Failed to parse mapping resource: 'file [C:\Users\lotte6\Desktop\Workspace\Spring\ch06\build\resources\main\mappers\user3.xml]'
	at org.springframework.beans.factory.support.SimpleInstantiationStrategy.lambda$instantiate$0(SimpleInstantiationStrategy.java:199) ~[spring-beans-6.2.3.jar:6.2.3]
	at org.springframework.beans.factory.support.SimpleInstantiationStrategy.instantiateWithFactoryMethod(SimpleInstantiationStrategy.java:88) ~[spring-beans-6.2.3.jar:6.2.3]
	at org.springframework.beans.factory.support.SimpleInstantiationStrategy.instantiate(SimpleInstantiationStrategy.java:168) ~[spring-beans-6.2.3.jar:6.2.3]
	at org.springframework.beans.factory.support.ConstructorResolver.instantiate(ConstructorResolver.java:653) ~[spring-beans-6.2.3.jar:6.2.3]
	... 75 common frames omitted
Caused by: java.io.IOException: Failed to parse mapping resource: 'file [C:\Users\lotte6\Desktop\Workspace\Spring\ch06\build\resources\main\mappers\user3.xml]'
	at org.mybatis.spring.SqlSessionFactoryBean.buildSqlSessionFactory(SqlSessionFactoryBean.java:695) ~[mybatis-spring-3.0.4.jar:3.0.4]
	at org.mybatis.spring.SqlSessionFactoryBean.afterPropertiesSet(SqlSessionFactoryBean.java:572) ~[mybatis-spring-3.0.4.jar:3.0.4]
	at org.mybatis.spring.SqlSessionFactoryBean.getObject(SqlSessionFactoryBean.java:712) ~[mybatis-spring-3.0.4.jar:3.0.4]
	at org.mybatis.spring.boot.autoconfigure.MybatisAutoConfiguration.sqlSessionFactory(MybatisAutoConfiguration.java:189) ~[mybatis-spring-boot-starter-3.0.4.jar:3.0.4]
	at java.base/jdk.internal.reflect.NativeMethodAccessorImpl.invoke0(Native Method) ~[na:na]
	at java.base/jdk.internal.reflect.NativeMethodAccessorImpl.invoke(NativeMethodAccessorImpl.java:77) ~[na:na]
	at java.base/jdk.internal.reflect.DelegatingMethodAccessorImpl.invoke(DelegatingMethodAccessorImpl.java:43) ~[na:na]
	at java.base/java.lang.reflect.Method.invoke(Method.java:568) ~[na:na]
	at org.springframework.beans.factory.support.SimpleInstantiationStrategy.lambda$instantiate$0(SimpleInstantiationStrategy.java:171) ~[spring-beans-6.2.3.jar:6.2.3]
	... 78 common frames omitted
Caused by: org.apache.ibatis.builder.BuilderException: Error parsing Mapper XML. The XML location is 'file [C:\Users\lotte6\Desktop\Workspace\Spring\ch06\build\resources\main\mappers\user3.xml]'. Cause: org.apache.ibatis.builder.BuilderException: Error resolving class. Cause: org.apache.ibatis.type.TypeException: Could not resolve type alias 'kr.co.ch06.dto.User3DTO'.  Cause: java.lang.ClassNotFoundException: Cannot find class: kr.co.ch06.dto.User3DTO
	at org.apache.ibatis.builder.xml.XMLMapperBuilder.configurationElement(XMLMapperBuilder.java:125) ~[mybatis-3.5.17.jar:3.5.17]
	at org.apache.ibatis.builder.xml.XMLMapperBuilder.parse(XMLMapperBuilder.java:98) ~[mybatis-3.5.17.jar:3.5.17]
	at org.mybatis.spring.SqlSessionFactoryBean.buildSqlSessionFactory(SqlSessionFactoryBean.java:693) ~[mybatis-spring-3.0.4.jar:3.0.4]
	... 86 common frames omitted
Caused by: org.apache.ibatis.builder.BuilderException: Error resolving class. Cause: org.apache.ibatis.type.TypeException: Could not resolve type alias 'kr.co.ch06.dto.User3DTO'.  Cause: java.lang.ClassNotFoundException: Cannot find class: kr.co.ch06.dto.User3DTO
	at org.apache.ibatis.builder.BaseBuilder.resolveClass(BaseBuilder.java:103) ~[mybatis-3.5.17.jar:3.5.17]
	at org.apache.ibatis.builder.xml.XMLStatementBuilder.parseStatementNode(XMLStatementBuilder.java:105) ~[mybatis-3.5.17.jar:3.5.17]
	at org.apache.ibatis.builder.xml.XMLMapperBuilder.buildStatementFromContext(XMLMapperBuilder.java:141) ~[mybatis-3.5.17.jar:3.5.17]
	at org.apache.ibatis.builder.xml.XMLMapperBuilder.buildStatementFromContext(XMLMapperBuilder.java:133) ~[mybatis-3.5.17.jar:3.5.17]
	at org.apache.ibatis.builder.xml.XMLMapperBuilder.configurationElement(XMLMapperBuilder.java:123) ~[mybatis-3.5.17.jar:3.5.17]
	... 88 common frames omitted
Caused by: org.apache.ibatis.type.TypeException: Could not resolve type alias 'kr.co.ch06.dto.User3DTO'.  Cause: java.lang.ClassNotFoundException: Cannot find class: kr.co.ch06.dto.User3DTO
	at org.apache.ibatis.type.TypeAliasRegistry.resolveAlias(TypeAliasRegistry.java:128) ~[mybatis-3.5.17.jar:3.5.17]
	at org.apache.ibatis.builder.BaseBuilder.resolveAlias(BaseBuilder.java:132) ~[mybatis-3.5.17.jar:3.5.17]
	at org.apache.ibatis.builder.BaseBuilder.resolveClass(BaseBuilder.java:101) ~[mybatis-3.5.17.jar:3.5.17]
	... 92 common frames omitted
Caused by: java.lang.ClassNotFoundException: Cannot find class: kr.co.ch06.dto.User3DTO
	at org.apache.ibatis.io.ClassLoaderWrapper.classForName(ClassLoaderWrapper.java:226) ~[mybatis-3.5.17.jar:3.5.17]
	at org.apache.ibatis.io.ClassLoaderWrapper.classForName(ClassLoaderWrapper.java:103) ~[mybatis-3.5.17.jar:3.5.17]
	at org.apache.ibatis.io.Resources.classForName(Resources.java:322) ~[mybatis-3.5.17.jar:3.5.17]
	at org.apache.ibatis.type.TypeAliasRegistry.resolveAlias(TypeAliasRegistry.java:124) ~[mybatis-3.5.17.jar:3.5.17]
	... 94 common frames omitted

