2025-03-21T15:07:35.783+09:00  INFO 8108 --- [ch07] [restartedMain] kr.co.ch07.ch07.Ch07Application          : Starting Ch07Application using Java 17.0.12 with PID 8108 (C:\Users\lotte6\Desktop\Workspace\Spring\ch07\build\classes\java\main started by lotte6 in C:\Users\lotte6\Desktop\Workspace\Spring\ch07)
2025-03-21T15:07:35.787+09:00  INFO 8108 --- [ch07] [restartedMain] kr.co.ch07.ch07.Ch07Application          : No active profile set, falling back to 1 default profile: "default"
2025-03-21T15:07:35.830+09:00  INFO 8108 --- [ch07] [restartedMain] .e.DevToolsPropertyDefaultsPostProcessor : Devtools property defaults active! Set 'spring.devtools.add-properties' to 'false' to disable
2025-03-21T15:07:35.830+09:00  INFO 8108 --- [ch07] [restartedMain] .e.DevToolsPropertyDefaultsPostProcessor : For additional web related logging consider setting the 'logging.level.web' property to 'DEBUG'
2025-03-21T15:07:36.360+09:00  INFO 8108 --- [ch07] [restartedMain] .s.d.r.c.RepositoryConfigurationDelegate : Bootstrapping Spring Data JPA repositories in DEFAULT mode.
2025-03-21T15:07:36.436+09:00  INFO 8108 --- [ch07] [restartedMain] .s.d.r.c.RepositoryConfigurationDelegate : Finished Spring Data repository scanning in 67 ms. Found 11 JPA repository interfaces.
2025-03-21T15:07:36.880+09:00  INFO 8108 --- [ch07] [restartedMain] o.s.b.w.embedded.tomcat.TomcatWebServer  : Tomcat initialized with port 8080 (http)
2025-03-21T15:07:36.890+09:00  INFO 8108 --- [ch07] [restartedMain] o.apache.catalina.core.StandardService   : Starting service [Tomcat]
2025-03-21T15:07:36.890+09:00  INFO 8108 --- [ch07] [restartedMain] o.apache.catalina.core.StandardEngine    : Starting Servlet engine: [Apache Tomcat/10.1.36]
2025-03-21T15:07:36.927+09:00  INFO 8108 --- [ch07] [restartedMain] o.a.c.c.C.[Tomcat].[localhost].[/ch07]   : Initializing Spring embedded WebApplicationContext
2025-03-21T15:07:36.927+09:00  INFO 8108 --- [ch07] [restartedMain] w.s.c.ServletWebServerApplicationContext : Root WebApplicationContext: initialization completed in 1096 ms
2025-03-21T15:07:37.050+09:00  INFO 8108 --- [ch07] [restartedMain] o.hibernate.jpa.internal.util.LogHelper  : HHH000204: Processing PersistenceUnitInfo [name: default]
2025-03-21T15:07:37.091+09:00  INFO 8108 --- [ch07] [restartedMain] org.hibernate.Version                    : HHH000412: Hibernate ORM core version 6.6.8.Final
2025-03-21T15:07:37.123+09:00  INFO 8108 --- [ch07] [restartedMain] o.h.c.internal.RegionFactoryInitiator    : HHH000026: Second-level cache disabled
2025-03-21T15:07:37.361+09:00  INFO 8108 --- [ch07] [restartedMain] o.s.o.j.p.SpringPersistenceUnitInfo      : No LoadTimeWeaver setup: ignoring JPA class transformer
2025-03-21T15:07:37.385+09:00  INFO 8108 --- [ch07] [restartedMain] com.zaxxer.hikari.HikariDataSource       : HikariPool-1 - Starting...
2025-03-21T15:07:37.601+09:00  INFO 8108 --- [ch07] [restartedMain] com.zaxxer.hikari.pool.HikariPool        : HikariPool-1 - Added connection com.mysql.cj.jdbc.ConnectionImpl@5d35f749
2025-03-21T15:07:37.603+09:00  INFO 8108 --- [ch07] [restartedMain] com.zaxxer.hikari.HikariDataSource       : HikariPool-1 - Start completed.
2025-03-21T15:07:37.641+09:00  WARN 8108 --- [ch07] [restartedMain] org.hibernate.orm.deprecation            : HHH90000025: MySQLDialect does not need to be specified explicitly using 'hibernate.dialect' (remove the property setting and it will be selected by default)
2025-03-21T15:07:37.656+09:00  INFO 8108 --- [ch07] [restartedMain] org.hibernate.orm.connections.pooling    : HHH10001005: Database info:
	Database JDBC URL [Connecting through datasource 'HikariDataSource (HikariPool-1)']
	Database driver: undefined/unknown
	Database version: 8.4.3
	Autocommit mode: undefined/unknown
	Isolation level: undefined/unknown
	Minimum pool size: undefined/unknown
	Maximum pool size: undefined/unknown
2025-03-21T15:07:37.661+09:00 DEBUG 8108 --- [ch07] [restartedMain] o.h.t.d.sql.spi.DdlTypeRegistry          : addDescriptor(12, org.hibernate.type.descriptor.sql.internal.CapacityDependentDdlType@78df61fa) replaced previous registration(org.hibernate.type.descriptor.sql.internal.CapacityDependentDdlType@70476188)
2025-03-21T15:07:37.661+09:00 DEBUG 8108 --- [ch07] [restartedMain] o.h.t.d.sql.spi.DdlTypeRegistry          : addDescriptor(-9, org.hibernate.type.descriptor.sql.internal.CapacityDependentDdlType@29dd54f4) replaced previous registration(org.hibernate.type.descriptor.sql.internal.CapacityDependentDdlType@6b425957)
2025-03-21T15:07:37.661+09:00 DEBUG 8108 --- [ch07] [restartedMain] o.h.t.d.sql.spi.DdlTypeRegistry          : addDescriptor(-3, org.hibernate.type.descriptor.sql.internal.CapacityDependentDdlType@68912574) replaced previous registration(org.hibernate.type.descriptor.sql.internal.CapacityDependentDdlType@231152cf)
2025-03-21T15:07:37.662+09:00 DEBUG 8108 --- [ch07] [restartedMain] o.h.t.d.sql.spi.DdlTypeRegistry          : addDescriptor(4003, org.hibernate.type.descriptor.sql.internal.DdlTypeImpl@60a8d8ad) replaced previous registration(org.hibernate.type.descriptor.sql.internal.DdlTypeImpl@19d9ad0e)
2025-03-21T15:07:37.662+09:00 DEBUG 8108 --- [ch07] [restartedMain] o.h.t.d.sql.spi.DdlTypeRegistry          : addDescriptor(4001, org.hibernate.type.descriptor.sql.internal.DdlTypeImpl@780291c4) replaced previous registration(org.hibernate.type.descriptor.sql.internal.DdlTypeImpl@512c3321)
2025-03-21T15:07:37.662+09:00 DEBUG 8108 --- [ch07] [restartedMain] o.h.t.d.sql.spi.DdlTypeRegistry          : addDescriptor(4002, org.hibernate.type.descriptor.sql.internal.DdlTypeImpl@77e7f419) replaced previous registration(org.hibernate.type.descriptor.sql.internal.DdlTypeImpl@23829636)
2025-03-21T15:07:37.662+09:00 DEBUG 8108 --- [ch07] [restartedMain] o.h.t.d.sql.spi.DdlTypeRegistry          : addDescriptor(2004, org.hibernate.type.descriptor.sql.internal.CapacityDependentDdlType@4f62bf33) replaced previous registration(org.hibernate.type.descriptor.sql.internal.DdlTypeImpl@7f6728c5)
2025-03-21T15:07:37.662+09:00 DEBUG 8108 --- [ch07] [restartedMain] o.h.t.d.sql.spi.DdlTypeRegistry          : addDescriptor(2005, org.hibernate.type.descriptor.sql.internal.CapacityDependentDdlType@37685c0c) replaced previous registration(org.hibernate.type.descriptor.sql.internal.DdlTypeImpl@ec4ff1)
2025-03-21T15:07:37.663+09:00 DEBUG 8108 --- [ch07] [restartedMain] o.h.t.d.sql.spi.DdlTypeRegistry          : addDescriptor(2011, org.hibernate.type.descriptor.sql.internal.CapacityDependentDdlType@5aade3f8) replaced previous registration(org.hibernate.type.descriptor.sql.internal.DdlTypeImpl@1ccac968)
2025-03-21T15:07:38.490+09:00  INFO 8108 --- [ch07] [restartedMain] o.h.e.t.j.p.i.JtaPlatformInitiator       : HHH000489: No JTA platform available (set 'hibernate.transaction.jta.platform' to enable JTA platform integration)
2025-03-21T15:07:38.581+09:00  INFO 8108 --- [ch07] [restartedMain] j.LocalContainerEntityManagerFactoryBean : Initialized JPA EntityManagerFactory for persistence unit 'default'
2025-03-21T15:07:38.817+09:00  INFO 8108 --- [ch07] [restartedMain] o.s.d.j.r.query.QueryEnhancerFactory     : Hibernate is in classpath; If applicable, HQL parser will be used.
2025-03-21T15:07:39.406+09:00  WARN 8108 --- [ch07] [restartedMain] JpaBaseConfiguration$JpaWebConfiguration : spring.jpa.open-in-view is enabled by default. Therefore, database queries may be performed during view rendering. Explicitly configure spring.jpa.open-in-view to disable this warning
2025-03-21T15:07:39.423+09:00  INFO 8108 --- [ch07] [restartedMain] o.s.b.a.w.s.WelcomePageHandlerMapping    : Adding welcome page template: index
2025-03-21T15:07:39.743+09:00  INFO 8108 --- [ch07] [restartedMain] o.s.b.d.a.OptionalLiveReloadServer       : LiveReload server is running on port 35729
2025-03-21T15:07:39.776+09:00  INFO 8108 --- [ch07] [restartedMain] o.s.b.w.embedded.tomcat.TomcatWebServer  : Tomcat started on port 8080 (http) with context path '/ch07'
2025-03-21T15:07:39.783+09:00  INFO 8108 --- [ch07] [restartedMain] kr.co.ch07.ch07.Ch07Application          : Started Ch07Application in 4.355 seconds (process running for 4.854)
2025-03-21T15:07:39.839+09:00  INFO 8108 --- [ch07] [http-nio-8080-exec-1] o.a.c.c.C.[Tomcat].[localhost].[/ch07]   : Initializing Spring DispatcherServlet 'dispatcherServlet'
2025-03-21T15:07:39.839+09:00  INFO 8108 --- [ch07] [http-nio-8080-exec-1] o.s.web.servlet.DispatcherServlet        : Initializing Servlet 'dispatcherServlet'
2025-03-21T15:07:39.840+09:00  INFO 8108 --- [ch07] [http-nio-8080-exec-1] o.s.web.servlet.DispatcherServlet        : Completed initialization in 0 ms
2025-03-21T15:08:00.506+09:00  INFO 8108 --- [ch07] [SpringApplicationShutdownHook] o.s.b.w.e.tomcat.GracefulShutdown        : Commencing graceful shutdown. Waiting for active requests to complete
2025-03-21T15:08:00.568+09:00  INFO 8108 --- [ch07] [tomcat-shutdown] o.s.b.w.e.tomcat.GracefulShutdown        : Graceful shutdown complete
2025-03-21T15:08:00.571+09:00  INFO 8108 --- [ch07] [SpringApplicationShutdownHook] j.LocalContainerEntityManagerFactoryBean : Closing JPA EntityManagerFactory for persistence unit 'default'
2025-03-21T15:08:00.573+09:00  INFO 8108 --- [ch07] [SpringApplicationShutdownHook] com.zaxxer.hikari.HikariDataSource       : HikariPool-1 - Shutdown initiated...
2025-03-21T15:08:00.577+09:00  INFO 8108 --- [ch07] [SpringApplicationShutdownHook] com.zaxxer.hikari.HikariDataSource       : HikariPool-1 - Shutdown completed.
2025-03-21T15:11:51.224+09:00  INFO 4984 --- [ch07] [restartedMain] kr.co.ch07.ch07.Ch07Application          : Starting Ch07Application using Java 17.0.12 with PID 4984 (C:\Users\lotte6\Desktop\Workspace\Spring\ch07\build\classes\java\main started by lotte6 in C:\Users\lotte6\Desktop\Workspace\Spring\ch07)
2025-03-21T15:11:51.226+09:00  INFO 4984 --- [ch07] [restartedMain] kr.co.ch07.ch07.Ch07Application          : No active profile set, falling back to 1 default profile: "default"
2025-03-21T15:11:51.262+09:00  INFO 4984 --- [ch07] [restartedMain] .e.DevToolsPropertyDefaultsPostProcessor : Devtools property defaults active! Set 'spring.devtools.add-properties' to 'false' to disable
2025-03-21T15:11:51.262+09:00  INFO 4984 --- [ch07] [restartedMain] .e.DevToolsPropertyDefaultsPostProcessor : For additional web related logging consider setting the 'logging.level.web' property to 'DEBUG'
2025-03-21T15:11:51.764+09:00  INFO 4984 --- [ch07] [restartedMain] .s.d.r.c.RepositoryConfigurationDelegate : Bootstrapping Spring Data JPA repositories in DEFAULT mode.
2025-03-21T15:11:51.838+09:00  INFO 4984 --- [ch07] [restartedMain] .s.d.r.c.RepositoryConfigurationDelegate : Finished Spring Data repository scanning in 66 ms. Found 11 JPA repository interfaces.
2025-03-21T15:11:52.270+09:00  INFO 4984 --- [ch07] [restartedMain] o.s.b.w.embedded.tomcat.TomcatWebServer  : Tomcat initialized with port 8080 (http)
2025-03-21T15:11:52.280+09:00  INFO 4984 --- [ch07] [restartedMain] o.apache.catalina.core.StandardService   : Starting service [Tomcat]
2025-03-21T15:11:52.280+09:00  INFO 4984 --- [ch07] [restartedMain] o.apache.catalina.core.StandardEngine    : Starting Servlet engine: [Apache Tomcat/10.1.36]
2025-03-21T15:11:52.315+09:00  INFO 4984 --- [ch07] [restartedMain] o.a.c.c.C.[Tomcat].[localhost].[/ch07]   : Initializing Spring embedded WebApplicationContext
2025-03-21T15:11:52.315+09:00  INFO 4984 --- [ch07] [restartedMain] w.s.c.ServletWebServerApplicationContext : Root WebApplicationContext: initialization completed in 1053 ms
2025-03-21T15:11:52.432+09:00  INFO 4984 --- [ch07] [restartedMain] o.hibernate.jpa.internal.util.LogHelper  : HHH000204: Processing PersistenceUnitInfo [name: default]
2025-03-21T15:11:52.471+09:00  INFO 4984 --- [ch07] [restartedMain] org.hibernate.Version                    : HHH000412: Hibernate ORM core version 6.6.8.Final
2025-03-21T15:11:52.502+09:00  INFO 4984 --- [ch07] [restartedMain] o.h.c.internal.RegionFactoryInitiator    : HHH000026: Second-level cache disabled
2025-03-21T15:11:52.735+09:00  INFO 4984 --- [ch07] [restartedMain] o.s.o.j.p.SpringPersistenceUnitInfo      : No LoadTimeWeaver setup: ignoring JPA class transformer
2025-03-21T15:11:52.759+09:00  INFO 4984 --- [ch07] [restartedMain] com.zaxxer.hikari.HikariDataSource       : HikariPool-1 - Starting...
2025-03-21T15:11:52.958+09:00  INFO 4984 --- [ch07] [restartedMain] com.zaxxer.hikari.pool.HikariPool        : HikariPool-1 - Added connection com.mysql.cj.jdbc.ConnectionImpl@56fd95a5
2025-03-21T15:11:52.959+09:00  INFO 4984 --- [ch07] [restartedMain] com.zaxxer.hikari.HikariDataSource       : HikariPool-1 - Start completed.
2025-03-21T15:11:52.998+09:00  WARN 4984 --- [ch07] [restartedMain] org.hibernate.orm.deprecation            : HHH90000025: MySQLDialect does not need to be specified explicitly using 'hibernate.dialect' (remove the property setting and it will be selected by default)
2025-03-21T15:11:53.013+09:00  INFO 4984 --- [ch07] [restartedMain] org.hibernate.orm.connections.pooling    : HHH10001005: Database info:
	Database JDBC URL [Connecting through datasource 'HikariDataSource (HikariPool-1)']
	Database driver: undefined/unknown
	Database version: 8.4.3
	Autocommit mode: undefined/unknown
	Isolation level: undefined/unknown
	Minimum pool size: undefined/unknown
	Maximum pool size: undefined/unknown
2025-03-21T15:11:53.018+09:00 DEBUG 4984 --- [ch07] [restartedMain] o.h.t.d.sql.spi.DdlTypeRegistry          : addDescriptor(12, org.hibernate.type.descriptor.sql.internal.CapacityDependentDdlType@6834c71c) replaced previous registration(org.hibernate.type.descriptor.sql.internal.CapacityDependentDdlType@b2f3)
2025-03-21T15:11:53.018+09:00 DEBUG 4984 --- [ch07] [restartedMain] o.h.t.d.sql.spi.DdlTypeRegistry          : addDescriptor(-9, org.hibernate.type.descriptor.sql.internal.CapacityDependentDdlType@3c7b1557) replaced previous registration(org.hibernate.type.descriptor.sql.internal.CapacityDependentDdlType@39fb41d1)
2025-03-21T15:11:53.018+09:00 DEBUG 4984 --- [ch07] [restartedMain] o.h.t.d.sql.spi.DdlTypeRegistry          : addDescriptor(-3, org.hibernate.type.descriptor.sql.internal.CapacityDependentDdlType@77397dd5) replaced previous registration(org.hibernate.type.descriptor.sql.internal.CapacityDependentDdlType@722bceeb)
2025-03-21T15:11:53.018+09:00 DEBUG 4984 --- [ch07] [restartedMain] o.h.t.d.sql.spi.DdlTypeRegistry          : addDescriptor(4003, org.hibernate.type.descriptor.sql.internal.DdlTypeImpl@161eac54) replaced previous registration(org.hibernate.type.descriptor.sql.internal.DdlTypeImpl@7588928f)
2025-03-21T15:11:53.018+09:00 DEBUG 4984 --- [ch07] [restartedMain] o.h.t.d.sql.spi.DdlTypeRegistry          : addDescriptor(4001, org.hibernate.type.descriptor.sql.internal.DdlTypeImpl@49e39e3e) replaced previous registration(org.hibernate.type.descriptor.sql.internal.DdlTypeImpl@65134d7f)
2025-03-21T15:11:53.019+09:00 DEBUG 4984 --- [ch07] [restartedMain] o.h.t.d.sql.spi.DdlTypeRegistry          : addDescriptor(4002, org.hibernate.type.descriptor.sql.internal.DdlTypeImpl@68c3185) replaced previous registration(org.hibernate.type.descriptor.sql.internal.DdlTypeImpl@37a1d731)
2025-03-21T15:11:53.019+09:00 DEBUG 4984 --- [ch07] [restartedMain] o.h.t.d.sql.spi.DdlTypeRegistry          : addDescriptor(2004, org.hibernate.type.descriptor.sql.internal.CapacityDependentDdlType@6266bd95) replaced previous registration(org.hibernate.type.descriptor.sql.internal.DdlTypeImpl@1de17c13)
2025-03-21T15:11:53.019+09:00 DEBUG 4984 --- [ch07] [restartedMain] o.h.t.d.sql.spi.DdlTypeRegistry          : addDescriptor(2005, org.hibernate.type.descriptor.sql.internal.CapacityDependentDdlType@7a067633) replaced previous registration(org.hibernate.type.descriptor.sql.internal.DdlTypeImpl@43a73e1d)
2025-03-21T15:11:53.019+09:00 DEBUG 4984 --- [ch07] [restartedMain] o.h.t.d.sql.spi.DdlTypeRegistry          : addDescriptor(2011, org.hibernate.type.descriptor.sql.internal.CapacityDependentDdlType@147ab9e9) replaced previous registration(org.hibernate.type.descriptor.sql.internal.DdlTypeImpl@2ed4e91)
2025-03-21T15:11:53.823+09:00  INFO 4984 --- [ch07] [restartedMain] o.h.e.t.j.p.i.JtaPlatformInitiator       : HHH000489: No JTA platform available (set 'hibernate.transaction.jta.platform' to enable JTA platform integration)
2025-03-21T15:11:53.893+09:00  INFO 4984 --- [ch07] [restartedMain] j.LocalContainerEntityManagerFactoryBean : Initialized JPA EntityManagerFactory for persistence unit 'default'
2025-03-21T15:11:54.120+09:00  INFO 4984 --- [ch07] [restartedMain] o.s.d.j.r.query.QueryEnhancerFactory     : Hibernate is in classpath; If applicable, HQL parser will be used.
2025-03-21T15:11:54.645+09:00  WARN 4984 --- [ch07] [restartedMain] JpaBaseConfiguration$JpaWebConfiguration : spring.jpa.open-in-view is enabled by default. Therefore, database queries may be performed during view rendering. Explicitly configure spring.jpa.open-in-view to disable this warning
2025-03-21T15:11:54.660+09:00  INFO 4984 --- [ch07] [restartedMain] o.s.b.a.w.s.WelcomePageHandlerMapping    : Adding welcome page template: index
2025-03-21T15:11:54.961+09:00  INFO 4984 --- [ch07] [restartedMain] o.s.b.d.a.OptionalLiveReloadServer       : LiveReload server is running on port 35729
2025-03-21T15:11:54.989+09:00  INFO 4984 --- [ch07] [restartedMain] o.s.b.w.embedded.tomcat.TomcatWebServer  : Tomcat started on port 8080 (http) with context path '/ch07'
2025-03-21T15:11:54.996+09:00  INFO 4984 --- [ch07] [restartedMain] kr.co.ch07.ch07.Ch07Application          : Started Ch07Application in 4.121 seconds (process running for 4.595)
2025-03-21T15:19:18.474+09:00  INFO 4984 --- [ch07] [http-nio-8080-exec-1] o.a.c.c.C.[Tomcat].[localhost].[/ch07]   : Initializing Spring DispatcherServlet 'dispatcherServlet'
2025-03-21T15:19:18.474+09:00  INFO 4984 --- [ch07] [http-nio-8080-exec-1] o.s.web.servlet.DispatcherServlet        : Initializing Servlet 'dispatcherServlet'
2025-03-21T15:19:18.475+09:00  INFO 4984 --- [ch07] [http-nio-8080-exec-1] o.s.web.servlet.DispatcherServlet        : Completed initialization in 0 ms
2025-03-21T15:19:44.435+09:00  INFO 4984 --- [ch07] [http-nio-8080-exec-10] kr.co.ch07.ch07.service.User3Service     : user3DTO : User3DTO(uid=a101, name=정상수, birth=1958-10-10, hp=010-5158-4152, addr=부산 진구)
2025-03-21T15:19:44.435+09:00  INFO 4984 --- [ch07] [http-nio-8080-exec-10] kr.co.ch07.ch07.service.User3Service     : user3 : User3(uid=a101, name=정상수, birth=1958-10-10, hp=010-5158-4152, addr=부산 진구)
2025-03-21T15:22:12.187+09:00  INFO 4984 --- [ch07] [File Watcher] rtingClassPathChangeChangedEventListener : Restarting due to 17 class path changes (0 additions, 0 deletions, 17 modifications)
2025-03-21T15:22:12.190+09:00  INFO 4984 --- [ch07] [Thread-5] o.s.b.w.e.tomcat.GracefulShutdown        : Commencing graceful shutdown. Waiting for active requests to complete
2025-03-21T15:22:12.249+09:00  INFO 4984 --- [ch07] [tomcat-shutdown] o.s.b.w.e.tomcat.GracefulShutdown        : Graceful shutdown complete
2025-03-21T15:22:12.252+09:00  INFO 4984 --- [ch07] [Thread-5] j.LocalContainerEntityManagerFactoryBean : Closing JPA EntityManagerFactory for persistence unit 'default'
2025-03-21T15:22:12.254+09:00  INFO 4984 --- [ch07] [Thread-5] com.zaxxer.hikari.HikariDataSource       : HikariPool-1 - Shutdown initiated...
2025-03-21T15:22:12.258+09:00  INFO 4984 --- [ch07] [Thread-5] com.zaxxer.hikari.HikariDataSource       : HikariPool-1 - Shutdown completed.
2025-03-21T15:22:12.323+09:00  INFO 4984 --- [ch07] [restartedMain] kr.co.ch07.ch07.Ch07Application          : Starting Ch07Application using Java 17.0.12 with PID 4984 (C:\Users\lotte6\Desktop\Workspace\Spring\ch07\build\classes\java\main started by lotte6 in C:\Users\lotte6\Desktop\Workspace\Spring\ch07)
2025-03-21T15:22:12.323+09:00  INFO 4984 --- [ch07] [restartedMain] kr.co.ch07.ch07.Ch07Application          : No active profile set, falling back to 1 default profile: "default"
2025-03-21T15:22:12.496+09:00  INFO 4984 --- [ch07] [restartedMain] .s.d.r.c.RepositoryConfigurationDelegate : Bootstrapping Spring Data JPA repositories in DEFAULT mode.
2025-03-21T15:22:12.525+09:00  INFO 4984 --- [ch07] [restartedMain] .s.d.r.c.RepositoryConfigurationDelegate : Finished Spring Data repository scanning in 28 ms. Found 11 JPA repository interfaces.
2025-03-21T15:22:12.603+09:00  INFO 4984 --- [ch07] [restartedMain] o.s.b.w.embedded.tomcat.TomcatWebServer  : Tomcat initialized with port 8080 (http)
2025-03-21T15:22:12.603+09:00  INFO 4984 --- [ch07] [restartedMain] o.apache.catalina.core.StandardService   : Starting service [Tomcat]
2025-03-21T15:22:12.604+09:00  INFO 4984 --- [ch07] [restartedMain] o.apache.catalina.core.StandardEngine    : Starting Servlet engine: [Apache Tomcat/10.1.36]
2025-03-21T15:22:12.619+09:00  INFO 4984 --- [ch07] [restartedMain] o.a.c.c.C.[Tomcat].[localhost].[/ch07]   : Initializing Spring embedded WebApplicationContext
2025-03-21T15:22:12.619+09:00  INFO 4984 --- [ch07] [restartedMain] w.s.c.ServletWebServerApplicationContext : Root WebApplicationContext: initialization completed in 295 ms
2025-03-21T15:22:12.645+09:00  INFO 4984 --- [ch07] [restartedMain] o.hibernate.jpa.internal.util.LogHelper  : HHH000204: Processing PersistenceUnitInfo [name: default]
2025-03-21T15:22:12.648+09:00  INFO 4984 --- [ch07] [restartedMain] o.h.c.internal.RegionFactoryInitiator    : HHH000026: Second-level cache disabled
2025-03-21T15:22:12.658+09:00  INFO 4984 --- [ch07] [restartedMain] o.s.o.j.p.SpringPersistenceUnitInfo      : No LoadTimeWeaver setup: ignoring JPA class transformer
2025-03-21T15:22:12.659+09:00  INFO 4984 --- [ch07] [restartedMain] com.zaxxer.hikari.HikariDataSource       : HikariPool-2 - Starting...
2025-03-21T15:22:12.669+09:00  INFO 4984 --- [ch07] [restartedMain] com.zaxxer.hikari.pool.HikariPool        : HikariPool-2 - Added connection com.mysql.cj.jdbc.ConnectionImpl@14b8fef
2025-03-21T15:22:12.670+09:00  INFO 4984 --- [ch07] [restartedMain] com.zaxxer.hikari.HikariDataSource       : HikariPool-2 - Start completed.
2025-03-21T15:22:12.671+09:00  WARN 4984 --- [ch07] [restartedMain] org.hibernate.orm.deprecation            : HHH90000025: MySQLDialect does not need to be specified explicitly using 'hibernate.dialect' (remove the property setting and it will be selected by default)
2025-03-21T15:22:12.671+09:00  INFO 4984 --- [ch07] [restartedMain] org.hibernate.orm.connections.pooling    : HHH10001005: Database info:
	Database JDBC URL [Connecting through datasource 'HikariDataSource (HikariPool-2)']
	Database driver: undefined/unknown
	Database version: 8.4.3
	Autocommit mode: undefined/unknown
	Isolation level: undefined/unknown
	Minimum pool size: undefined/unknown
	Maximum pool size: undefined/unknown
2025-03-21T15:22:12.672+09:00 DEBUG 4984 --- [ch07] [restartedMain] o.h.t.d.sql.spi.DdlTypeRegistry          : addDescriptor(12, org.hibernate.type.descriptor.sql.internal.CapacityDependentDdlType@1d882fab) replaced previous registration(org.hibernate.type.descriptor.sql.internal.CapacityDependentDdlType@4d06e8d6)
2025-03-21T15:22:12.672+09:00 DEBUG 4984 --- [ch07] [restartedMain] o.h.t.d.sql.spi.DdlTypeRegistry          : addDescriptor(-9, org.hibernate.type.descriptor.sql.internal.CapacityDependentDdlType@5f5bdfc1) replaced previous registration(org.hibernate.type.descriptor.sql.internal.CapacityDependentDdlType@719ac795)
2025-03-21T15:22:12.672+09:00 DEBUG 4984 --- [ch07] [restartedMain] o.h.t.d.sql.spi.DdlTypeRegistry          : addDescriptor(-3, org.hibernate.type.descriptor.sql.internal.CapacityDependentDdlType@2d334b7a) replaced previous registration(org.hibernate.type.descriptor.sql.internal.CapacityDependentDdlType@57895652)
2025-03-21T15:22:12.672+09:00 DEBUG 4984 --- [ch07] [restartedMain] o.h.t.d.sql.spi.DdlTypeRegistry          : addDescriptor(4003, org.hibernate.type.descriptor.sql.internal.DdlTypeImpl@562d3eb5) replaced previous registration(org.hibernate.type.descriptor.sql.internal.DdlTypeImpl@712ced8a)
2025-03-21T15:22:12.672+09:00 DEBUG 4984 --- [ch07] [restartedMain] o.h.t.d.sql.spi.DdlTypeRegistry          : addDescriptor(4001, org.hibernate.type.descriptor.sql.internal.DdlTypeImpl@46f3104e) replaced previous registration(org.hibernate.type.descriptor.sql.internal.DdlTypeImpl@5b55f504)
2025-03-21T15:22:12.672+09:00 DEBUG 4984 --- [ch07] [restartedMain] o.h.t.d.sql.spi.DdlTypeRegistry          : addDescriptor(4002, org.hibernate.type.descriptor.sql.internal.DdlTypeImpl@6432b04d) replaced previous registration(org.hibernate.type.descriptor.sql.internal.DdlTypeImpl@726451fc)
2025-03-21T15:22:12.672+09:00 DEBUG 4984 --- [ch07] [restartedMain] o.h.t.d.sql.spi.DdlTypeRegistry          : addDescriptor(2004, org.hibernate.type.descriptor.sql.internal.CapacityDependentDdlType@2c4b5e9e) replaced previous registration(org.hibernate.type.descriptor.sql.internal.DdlTypeImpl@584263c6)
2025-03-21T15:22:12.672+09:00 DEBUG 4984 --- [ch07] [restartedMain] o.h.t.d.sql.spi.DdlTypeRegistry          : addDescriptor(2005, org.hibernate.type.descriptor.sql.internal.CapacityDependentDdlType@2983005b) replaced previous registration(org.hibernate.type.descriptor.sql.internal.DdlTypeImpl@79b85f26)
2025-03-21T15:22:12.672+09:00 DEBUG 4984 --- [ch07] [restartedMain] o.h.t.d.sql.spi.DdlTypeRegistry          : addDescriptor(2011, org.hibernate.type.descriptor.sql.internal.CapacityDependentDdlType@ff15121) replaced previous registration(org.hibernate.type.descriptor.sql.internal.DdlTypeImpl@44e65f4a)
2025-03-21T15:22:12.814+09:00  INFO 4984 --- [ch07] [restartedMain] o.h.e.t.j.p.i.JtaPlatformInitiator       : HHH000489: No JTA platform available (set 'hibernate.transaction.jta.platform' to enable JTA platform integration)
2025-03-21T15:22:12.846+09:00  INFO 4984 --- [ch07] [restartedMain] j.LocalContainerEntityManagerFactoryBean : Initialized JPA EntityManagerFactory for persistence unit 'default'
2025-03-21T15:22:12.922+09:00  WARN 4984 --- [ch07] [restartedMain] JpaBaseConfiguration$JpaWebConfiguration : spring.jpa.open-in-view is enabled by default. Therefore, database queries may be performed during view rendering. Explicitly configure spring.jpa.open-in-view to disable this warning
2025-03-21T15:22:12.930+09:00  INFO 4984 --- [ch07] [restartedMain] o.s.b.a.w.s.WelcomePageHandlerMapping    : Adding welcome page template: index
2025-03-21T15:22:13.053+09:00  INFO 4984 --- [ch07] [restartedMain] o.s.b.d.a.OptionalLiveReloadServer       : LiveReload server is running on port 35729
2025-03-21T15:22:13.062+09:00  INFO 4984 --- [ch07] [restartedMain] o.s.b.w.embedded.tomcat.TomcatWebServer  : Tomcat started on port 8080 (http) with context path '/ch07'
2025-03-21T15:22:13.066+09:00  INFO 4984 --- [ch07] [restartedMain] kr.co.ch07.ch07.Ch07Application          : Started Ch07Application in 0.765 seconds (process running for 622.666)
2025-03-21T15:22:13.068+09:00  INFO 4984 --- [ch07] [restartedMain] .ConditionEvaluationDeltaLoggingListener : Condition evaluation unchanged
2025-03-21T15:25:27.706+09:00  INFO 4984 --- [ch07] [File Watcher] rtingClassPathChangeChangedEventListener : Restarting due to 17 class path changes (0 additions, 0 deletions, 17 modifications)
2025-03-21T15:25:27.707+09:00  INFO 4984 --- [ch07] [Thread-7] o.s.b.w.e.tomcat.GracefulShutdown        : Commencing graceful shutdown. Waiting for active requests to complete
2025-03-21T15:25:27.767+09:00  INFO 4984 --- [ch07] [tomcat-shutdown] o.s.b.w.e.tomcat.GracefulShutdown        : Graceful shutdown complete
2025-03-21T15:25:27.769+09:00  INFO 4984 --- [ch07] [Thread-7] j.LocalContainerEntityManagerFactoryBean : Closing JPA EntityManagerFactory for persistence unit 'default'
2025-03-21T15:25:27.770+09:00  INFO 4984 --- [ch07] [Thread-7] com.zaxxer.hikari.HikariDataSource       : HikariPool-2 - Shutdown initiated...
2025-03-21T15:25:27.773+09:00  INFO 4984 --- [ch07] [Thread-7] com.zaxxer.hikari.HikariDataSource       : HikariPool-2 - Shutdown completed.
2025-03-21T15:25:27.837+09:00  INFO 4984 --- [ch07] [restartedMain] kr.co.ch07.ch07.Ch07Application          : Starting Ch07Application using Java 17.0.12 with PID 4984 (C:\Users\lotte6\Desktop\Workspace\Spring\ch07\build\classes\java\main started by lotte6 in C:\Users\lotte6\Desktop\Workspace\Spring\ch07)
2025-03-21T15:25:27.838+09:00  INFO 4984 --- [ch07] [restartedMain] kr.co.ch07.ch07.Ch07Application          : No active profile set, falling back to 1 default profile: "default"
2025-03-21T15:25:28.002+09:00  INFO 4984 --- [ch07] [restartedMain] .s.d.r.c.RepositoryConfigurationDelegate : Bootstrapping Spring Data JPA repositories in DEFAULT mode.
2025-03-21T15:25:28.032+09:00  INFO 4984 --- [ch07] [restartedMain] .s.d.r.c.RepositoryConfigurationDelegate : Finished Spring Data repository scanning in 29 ms. Found 11 JPA repository interfaces.
2025-03-21T15:25:28.096+09:00  INFO 4984 --- [ch07] [restartedMain] o.s.b.w.embedded.tomcat.TomcatWebServer  : Tomcat initialized with port 8080 (http)
2025-03-21T15:25:28.097+09:00  INFO 4984 --- [ch07] [restartedMain] o.apache.catalina.core.StandardService   : Starting service [Tomcat]
2025-03-21T15:25:28.097+09:00  INFO 4984 --- [ch07] [restartedMain] o.apache.catalina.core.StandardEngine    : Starting Servlet engine: [Apache Tomcat/10.1.36]
2025-03-21T15:25:28.112+09:00  INFO 4984 --- [ch07] [restartedMain] o.a.c.c.C.[Tomcat].[localhost].[/ch07]   : Initializing Spring embedded WebApplicationContext
2025-03-21T15:25:28.112+09:00  INFO 4984 --- [ch07] [restartedMain] w.s.c.ServletWebServerApplicationContext : Root WebApplicationContext: initialization completed in 273 ms
2025-03-21T15:25:28.138+09:00  INFO 4984 --- [ch07] [restartedMain] o.hibernate.jpa.internal.util.LogHelper  : HHH000204: Processing PersistenceUnitInfo [name: default]
2025-03-21T15:25:28.141+09:00  INFO 4984 --- [ch07] [restartedMain] o.h.c.internal.RegionFactoryInitiator    : HHH000026: Second-level cache disabled
2025-03-21T15:25:28.149+09:00  INFO 4984 --- [ch07] [restartedMain] o.s.o.j.p.SpringPersistenceUnitInfo      : No LoadTimeWeaver setup: ignoring JPA class transformer
2025-03-21T15:25:28.150+09:00  INFO 4984 --- [ch07] [restartedMain] com.zaxxer.hikari.HikariDataSource       : HikariPool-3 - Starting...
2025-03-21T15:25:28.158+09:00  INFO 4984 --- [ch07] [restartedMain] com.zaxxer.hikari.pool.HikariPool        : HikariPool-3 - Added connection com.mysql.cj.jdbc.ConnectionImpl@4424dba8
2025-03-21T15:25:28.159+09:00  INFO 4984 --- [ch07] [restartedMain] com.zaxxer.hikari.HikariDataSource       : HikariPool-3 - Start completed.
2025-03-21T15:25:28.160+09:00  WARN 4984 --- [ch07] [restartedMain] org.hibernate.orm.deprecation            : HHH90000025: MySQLDialect does not need to be specified explicitly using 'hibernate.dialect' (remove the property setting and it will be selected by default)
2025-03-21T15:25:28.160+09:00  INFO 4984 --- [ch07] [restartedMain] org.hibernate.orm.connections.pooling    : HHH10001005: Database info:
	Database JDBC URL [Connecting through datasource 'HikariDataSource (HikariPool-3)']
	Database driver: undefined/unknown
	Database version: 8.4.3
	Autocommit mode: undefined/unknown
	Isolation level: undefined/unknown
	Minimum pool size: undefined/unknown
	Maximum pool size: undefined/unknown
2025-03-21T15:25:28.160+09:00 DEBUG 4984 --- [ch07] [restartedMain] o.h.t.d.sql.spi.DdlTypeRegistry          : addDescriptor(12, org.hibernate.type.descriptor.sql.internal.CapacityDependentDdlType@69f2a953) replaced previous registration(org.hibernate.type.descriptor.sql.internal.CapacityDependentDdlType@e4bd73a)
2025-03-21T15:25:28.160+09:00 DEBUG 4984 --- [ch07] [restartedMain] o.h.t.d.sql.spi.DdlTypeRegistry          : addDescriptor(-9, org.hibernate.type.descriptor.sql.internal.CapacityDependentDdlType@6cd0a4c0) replaced previous registration(org.hibernate.type.descriptor.sql.internal.CapacityDependentDdlType@646004ec)
2025-03-21T15:25:28.160+09:00 DEBUG 4984 --- [ch07] [restartedMain] o.h.t.d.sql.spi.DdlTypeRegistry          : addDescriptor(-3, org.hibernate.type.descriptor.sql.internal.CapacityDependentDdlType@18248102) replaced previous registration(org.hibernate.type.descriptor.sql.internal.CapacityDependentDdlType@4806673b)
2025-03-21T15:25:28.160+09:00 DEBUG 4984 --- [ch07] [restartedMain] o.h.t.d.sql.spi.DdlTypeRegistry          : addDescriptor(4003, org.hibernate.type.descriptor.sql.internal.DdlTypeImpl@21993c5f) replaced previous registration(org.hibernate.type.descriptor.sql.internal.DdlTypeImpl@45ba1be4)
2025-03-21T15:25:28.160+09:00 DEBUG 4984 --- [ch07] [restartedMain] o.h.t.d.sql.spi.DdlTypeRegistry          : addDescriptor(4001, org.hibernate.type.descriptor.sql.internal.DdlTypeImpl@792aaec0) replaced previous registration(org.hibernate.type.descriptor.sql.internal.DdlTypeImpl@26e3161)
2025-03-21T15:25:28.160+09:00 DEBUG 4984 --- [ch07] [restartedMain] o.h.t.d.sql.spi.DdlTypeRegistry          : addDescriptor(4002, org.hibernate.type.descriptor.sql.internal.DdlTypeImpl@6afd9eb7) replaced previous registration(org.hibernate.type.descriptor.sql.internal.DdlTypeImpl@7f0dcd37)
2025-03-21T15:25:28.160+09:00 DEBUG 4984 --- [ch07] [restartedMain] o.h.t.d.sql.spi.DdlTypeRegistry          : addDescriptor(2004, org.hibernate.type.descriptor.sql.internal.CapacityDependentDdlType@53fd20b8) replaced previous registration(org.hibernate.type.descriptor.sql.internal.DdlTypeImpl@20ebf69f)
2025-03-21T15:25:28.161+09:00 DEBUG 4984 --- [ch07] [restartedMain] o.h.t.d.sql.spi.DdlTypeRegistry          : addDescriptor(2005, org.hibernate.type.descriptor.sql.internal.CapacityDependentDdlType@2665cc13) replaced previous registration(org.hibernate.type.descriptor.sql.internal.DdlTypeImpl@3790d99d)
2025-03-21T15:25:28.161+09:00 DEBUG 4984 --- [ch07] [restartedMain] o.h.t.d.sql.spi.DdlTypeRegistry          : addDescriptor(2011, org.hibernate.type.descriptor.sql.internal.CapacityDependentDdlType@dd2d737) replaced previous registration(org.hibernate.type.descriptor.sql.internal.DdlTypeImpl@7272871c)
2025-03-21T15:25:28.292+09:00  INFO 4984 --- [ch07] [restartedMain] o.h.e.t.j.p.i.JtaPlatformInitiator       : HHH000489: No JTA platform available (set 'hibernate.transaction.jta.platform' to enable JTA platform integration)
2025-03-21T15:25:28.330+09:00  INFO 4984 --- [ch07] [restartedMain] j.LocalContainerEntityManagerFactoryBean : Initialized JPA EntityManagerFactory for persistence unit 'default'
2025-03-21T15:25:28.407+09:00  WARN 4984 --- [ch07] [restartedMain] JpaBaseConfiguration$JpaWebConfiguration : spring.jpa.open-in-view is enabled by default. Therefore, database queries may be performed during view rendering. Explicitly configure spring.jpa.open-in-view to disable this warning
2025-03-21T15:25:28.413+09:00  INFO 4984 --- [ch07] [restartedMain] o.s.b.a.w.s.WelcomePageHandlerMapping    : Adding welcome page template: index
2025-03-21T15:25:28.515+09:00  INFO 4984 --- [ch07] [restartedMain] o.s.b.d.a.OptionalLiveReloadServer       : LiveReload server is running on port 35729
2025-03-21T15:25:28.523+09:00  INFO 4984 --- [ch07] [restartedMain] o.s.b.w.embedded.tomcat.TomcatWebServer  : Tomcat started on port 8080 (http) with context path '/ch07'
2025-03-21T15:25:28.527+09:00  INFO 4984 --- [ch07] [restartedMain] kr.co.ch07.ch07.Ch07Application          : Started Ch07Application in 0.71 seconds (process running for 818.126)
2025-03-21T15:25:28.528+09:00  INFO 4984 --- [ch07] [restartedMain] .ConditionEvaluationDeltaLoggingListener : Condition evaluation unchanged
2025-03-21T15:38:25.659+09:00  INFO 4984 --- [ch07] [File Watcher] rtingClassPathChangeChangedEventListener : Restarting due to 24 class path changes (7 additions, 0 deletions, 17 modifications)
2025-03-21T15:38:25.661+09:00  INFO 4984 --- [ch07] [Thread-11] o.s.b.w.e.tomcat.GracefulShutdown        : Commencing graceful shutdown. Waiting for active requests to complete
2025-03-21T15:38:25.720+09:00  INFO 4984 --- [ch07] [tomcat-shutdown] o.s.b.w.e.tomcat.GracefulShutdown        : Graceful shutdown complete
2025-03-21T15:38:25.722+09:00  INFO 4984 --- [ch07] [Thread-11] j.LocalContainerEntityManagerFactoryBean : Closing JPA EntityManagerFactory for persistence unit 'default'
2025-03-21T15:38:25.722+09:00  INFO 4984 --- [ch07] [Thread-11] com.zaxxer.hikari.HikariDataSource       : HikariPool-3 - Shutdown initiated...
2025-03-21T15:38:25.725+09:00  INFO 4984 --- [ch07] [Thread-11] com.zaxxer.hikari.HikariDataSource       : HikariPool-3 - Shutdown completed.
2025-03-21T15:38:25.784+09:00  INFO 4984 --- [ch07] [restartedMain] kr.co.ch07.ch07.Ch07Application          : Starting Ch07Application using Java 17.0.12 with PID 4984 (C:\Users\lotte6\Desktop\Workspace\Spring\ch07\build\classes\java\main started by lotte6 in C:\Users\lotte6\Desktop\Workspace\Spring\ch07)
2025-03-21T15:38:25.784+09:00  INFO 4984 --- [ch07] [restartedMain] kr.co.ch07.ch07.Ch07Application          : No active profile set, falling back to 1 default profile: "default"
2025-03-21T15:38:25.941+09:00  INFO 4984 --- [ch07] [restartedMain] .s.d.r.c.RepositoryConfigurationDelegate : Bootstrapping Spring Data JPA repositories in DEFAULT mode.
2025-03-21T15:38:25.969+09:00  INFO 4984 --- [ch07] [restartedMain] .s.d.r.c.RepositoryConfigurationDelegate : Finished Spring Data repository scanning in 27 ms. Found 12 JPA repository interfaces.
2025-03-21T15:38:26.038+09:00  INFO 4984 --- [ch07] [restartedMain] o.s.b.w.embedded.tomcat.TomcatWebServer  : Tomcat initialized with port 8080 (http)
2025-03-21T15:38:26.040+09:00  INFO 4984 --- [ch07] [restartedMain] o.apache.catalina.core.StandardService   : Starting service [Tomcat]
2025-03-21T15:38:26.040+09:00  INFO 4984 --- [ch07] [restartedMain] o.apache.catalina.core.StandardEngine    : Starting Servlet engine: [Apache Tomcat/10.1.36]
2025-03-21T15:38:26.057+09:00  INFO 4984 --- [ch07] [restartedMain] o.a.c.c.C.[Tomcat].[localhost].[/ch07]   : Initializing Spring embedded WebApplicationContext
2025-03-21T15:38:26.057+09:00  INFO 4984 --- [ch07] [restartedMain] w.s.c.ServletWebServerApplicationContext : Root WebApplicationContext: initialization completed in 271 ms
2025-03-21T15:38:26.084+09:00  INFO 4984 --- [ch07] [restartedMain] o.hibernate.jpa.internal.util.LogHelper  : HHH000204: Processing PersistenceUnitInfo [name: default]
2025-03-21T15:38:26.087+09:00  INFO 4984 --- [ch07] [restartedMain] o.h.c.internal.RegionFactoryInitiator    : HHH000026: Second-level cache disabled
2025-03-21T15:38:26.096+09:00  INFO 4984 --- [ch07] [restartedMain] o.s.o.j.p.SpringPersistenceUnitInfo      : No LoadTimeWeaver setup: ignoring JPA class transformer
2025-03-21T15:38:26.097+09:00  INFO 4984 --- [ch07] [restartedMain] com.zaxxer.hikari.HikariDataSource       : HikariPool-4 - Starting...
2025-03-21T15:38:26.107+09:00  INFO 4984 --- [ch07] [restartedMain] com.zaxxer.hikari.pool.HikariPool        : HikariPool-4 - Added connection com.mysql.cj.jdbc.ConnectionImpl@1c8d208c
2025-03-21T15:38:26.107+09:00  INFO 4984 --- [ch07] [restartedMain] com.zaxxer.hikari.HikariDataSource       : HikariPool-4 - Start completed.
2025-03-21T15:38:26.108+09:00  WARN 4984 --- [ch07] [restartedMain] org.hibernate.orm.deprecation            : HHH90000025: MySQLDialect does not need to be specified explicitly using 'hibernate.dialect' (remove the property setting and it will be selected by default)
2025-03-21T15:38:26.109+09:00  INFO 4984 --- [ch07] [restartedMain] org.hibernate.orm.connections.pooling    : HHH10001005: Database info:
	Database JDBC URL [Connecting through datasource 'HikariDataSource (HikariPool-4)']
	Database driver: undefined/unknown
	Database version: 8.4.3
	Autocommit mode: undefined/unknown
	Isolation level: undefined/unknown
	Minimum pool size: undefined/unknown
	Maximum pool size: undefined/unknown
2025-03-21T15:38:26.109+09:00 DEBUG 4984 --- [ch07] [restartedMain] o.h.t.d.sql.spi.DdlTypeRegistry          : addDescriptor(12, org.hibernate.type.descriptor.sql.internal.CapacityDependentDdlType@6a34c84f) replaced previous registration(org.hibernate.type.descriptor.sql.internal.CapacityDependentDdlType@79b7b34d)
2025-03-21T15:38:26.109+09:00 DEBUG 4984 --- [ch07] [restartedMain] o.h.t.d.sql.spi.DdlTypeRegistry          : addDescriptor(-9, org.hibernate.type.descriptor.sql.internal.CapacityDependentDdlType@245621d3) replaced previous registration(org.hibernate.type.descriptor.sql.internal.CapacityDependentDdlType@20576efe)
2025-03-21T15:38:26.109+09:00 DEBUG 4984 --- [ch07] [restartedMain] o.h.t.d.sql.spi.DdlTypeRegistry          : addDescriptor(-3, org.hibernate.type.descriptor.sql.internal.CapacityDependentDdlType@6c6dac0b) replaced previous registration(org.hibernate.type.descriptor.sql.internal.CapacityDependentDdlType@28845710)
2025-03-21T15:38:26.109+09:00 DEBUG 4984 --- [ch07] [restartedMain] o.h.t.d.sql.spi.DdlTypeRegistry          : addDescriptor(4003, org.hibernate.type.descriptor.sql.internal.DdlTypeImpl@3dc9a36a) replaced previous registration(org.hibernate.type.descriptor.sql.internal.DdlTypeImpl@26720ab3)
2025-03-21T15:38:26.109+09:00 DEBUG 4984 --- [ch07] [restartedMain] o.h.t.d.sql.spi.DdlTypeRegistry          : addDescriptor(4001, org.hibernate.type.descriptor.sql.internal.DdlTypeImpl@277ef782) replaced previous registration(org.hibernate.type.descriptor.sql.internal.DdlTypeImpl@2dc818aa)
2025-03-21T15:38:26.110+09:00 DEBUG 4984 --- [ch07] [restartedMain] o.h.t.d.sql.spi.DdlTypeRegistry          : addDescriptor(4002, org.hibernate.type.descriptor.sql.internal.DdlTypeImpl@5dea2c8a) replaced previous registration(org.hibernate.type.descriptor.sql.internal.DdlTypeImpl@6b7b9216)
2025-03-21T15:38:26.110+09:00 DEBUG 4984 --- [ch07] [restartedMain] o.h.t.d.sql.spi.DdlTypeRegistry          : addDescriptor(2004, org.hibernate.type.descriptor.sql.internal.CapacityDependentDdlType@3b69aa1c) replaced previous registration(org.hibernate.type.descriptor.sql.internal.DdlTypeImpl@5689e893)
2025-03-21T15:38:26.110+09:00 DEBUG 4984 --- [ch07] [restartedMain] o.h.t.d.sql.spi.DdlTypeRegistry          : addDescriptor(2005, org.hibernate.type.descriptor.sql.internal.CapacityDependentDdlType@5a0b00b4) replaced previous registration(org.hibernate.type.descriptor.sql.internal.DdlTypeImpl@6dd7d2c1)
2025-03-21T15:38:26.110+09:00 DEBUG 4984 --- [ch07] [restartedMain] o.h.t.d.sql.spi.DdlTypeRegistry          : addDescriptor(2011, org.hibernate.type.descriptor.sql.internal.CapacityDependentDdlType@1b98bc2d) replaced previous registration(org.hibernate.type.descriptor.sql.internal.DdlTypeImpl@2cc12bd)
2025-03-21T15:38:26.215+09:00  INFO 4984 --- [ch07] [restartedMain] o.h.e.t.j.p.i.JtaPlatformInitiator       : HHH000489: No JTA platform available (set 'hibernate.transaction.jta.platform' to enable JTA platform integration)
2025-03-21T15:38:26.303+09:00  INFO 4984 --- [ch07] [restartedMain] j.LocalContainerEntityManagerFactoryBean : Initialized JPA EntityManagerFactory for persistence unit 'default'
2025-03-21T15:38:26.374+09:00  WARN 4984 --- [ch07] [restartedMain] JpaBaseConfiguration$JpaWebConfiguration : spring.jpa.open-in-view is enabled by default. Therefore, database queries may be performed during view rendering. Explicitly configure spring.jpa.open-in-view to disable this warning
2025-03-21T15:38:26.380+09:00  INFO 4984 --- [ch07] [restartedMain] o.s.b.a.w.s.WelcomePageHandlerMapping    : Adding welcome page template: index
2025-03-21T15:38:26.499+09:00  INFO 4984 --- [ch07] [restartedMain] o.s.b.d.a.OptionalLiveReloadServer       : LiveReload server is running on port 35729
2025-03-21T15:38:26.508+09:00  INFO 4984 --- [ch07] [restartedMain] o.s.b.w.embedded.tomcat.TomcatWebServer  : Tomcat started on port 8080 (http) with context path '/ch07'
2025-03-21T15:38:26.511+09:00  INFO 4984 --- [ch07] [restartedMain] kr.co.ch07.ch07.Ch07Application          : Started Ch07Application in 0.748 seconds (process running for 1596.11)
2025-03-21T15:38:26.512+09:00  INFO 4984 --- [ch07] [restartedMain] .ConditionEvaluationDeltaLoggingListener : Condition evaluation unchanged
2025-03-21T17:35:54.655+09:00  INFO 4984 --- [ch07] [SpringApplicationShutdownHook] o.s.b.w.e.tomcat.GracefulShutdown        : Commencing graceful shutdown. Waiting for active requests to complete
2025-03-21T17:35:54.724+09:00  INFO 4984 --- [ch07] [tomcat-shutdown] o.s.b.w.e.tomcat.GracefulShutdown        : Graceful shutdown complete
2025-03-21T17:35:54.726+09:00  INFO 4984 --- [ch07] [SpringApplicationShutdownHook] j.LocalContainerEntityManagerFactoryBean : Closing JPA EntityManagerFactory for persistence unit 'default'
2025-03-21T17:35:54.726+09:00  INFO 4984 --- [ch07] [SpringApplicationShutdownHook] com.zaxxer.hikari.HikariDataSource       : HikariPool-4 - Shutdown initiated...
2025-03-21T17:35:54.729+09:00  INFO 4984 --- [ch07] [SpringApplicationShutdownHook] com.zaxxer.hikari.HikariDataSource       : HikariPool-4 - Shutdown completed.
